<?xml version="1.0" encoding="utf-8"?><testsuites name="pytest tests"><testsuite name="pytest" errors="0" failures="0" skipped="2" tests="173" time="351.311" timestamp="2026-08-03T17:26:51.856959+00:00" hostname="agent-env-1372f60d-6705-4bd4-88b0-1fd34e8568c7"><testcase classname="backend.tests.test_phase5_wave_a.TestRegressionEndpoints" name="test_auth_login_admin" time="0.358" /><testcase classname="backend.tests.test_phase5_wave_a.TestRegressionEndpoints" name="test_auth_login_bella" time="0.436" /><testcase classname="backend.tests.test_phase5_wave_a.TestRegressionEndpoints" name="test_get_patients" time="0.142" /><testcase classname="backend.tests.test_phase5_wave_a.TestRegressionEndpoints" name="test_post_patient_backward_compat" time="0.227" /><testcase classname="backend.tests.test_phase5_wave_a.TestRegressionEndpoints" name="test_get_appointments" time="0.166" /><testcase classname="backend.tests.test_phase5_wave_a.TestRegressionEndpoints" name="test_get_medical_records" time="0.117" /><testcase classname="backend.tests.test_phase5_wave_a.TestRegressionEndpoints" name="test_patient_timeline" time="0.229" /><testcase classname="backend.tests.test_phase5_wave_a.TestRegressionEndpoints" name="test_finance_entries_get" time="0.312" /><testcase classname="backend.tests.test_phase5_wave_a.TestRegressionEndpoints" name="test_finance_summary" time="0.119" /><testcase classname="backend.tests.test_phase5_wave_a.TestRegressionEndpoints" name="test_finance_patient_summary" time="0.155" /><testcase classname="backend.tests.test_phase5_wave_a.TestRegressionEndpoints" name="test_dashboard_stats" time="0.115" /><testcase classname="backend.tests.test_phase5_wave_a.TestRegressionEndpoints" name="test_procedures_get" time="0.112" /><testcase classname="backend.tests.test_phase5_wave_a.TestRegressionEndpoints" name="test_ai_generations_get" time="0.132" /><testcase classname="backend.tests.test_phase5_wave_a.TestProcedureCommission" name="test_create_procedure_with_commission_percent" time="0.344" /><testcase classname="backend.tests.test_phase5_wave_a.TestProcedureCommission" name="test_create_procedure_without_commission_percent_backward_compat" time="0.240" /><testcase classname="backend.tests.test_phase5_wave_a.TestFinanceEntryCommission" name="test_create_entry_with_commission_fields" time="0.347" /><testcase classname="backend.tests.test_phase5_wave_a.TestFinanceEntryCommission" name="test_create_entry_without_commission_backward_compat" time="0.240" /><testcase classname="backend.tests.test_phase5_wave_a.TestFinanceEntryCommission" name="test_patch_commission_status_to_paga" time="0.485" /><testcase classname="backend.tests.test_phase5_wave_a.TestFinanceEntryCommission" name="test_invalid_commission_status_rejected" time="0.114" /><testcase classname="backend.tests.test_phase5_wave_a.TestRegisterCommission" name="test_register_with_default_commission_percent" time="0.353" /><testcase classname="backend.tests.test_phase5_wave_a.TestRegisterCommission" name="test_register_without_default_commission_percent_backward_compat" time="0.345" /><testcase classname="backend.tests.test_phase5_wave_a.TestAttendanceRegression" name="test_start_and_finalize_idempotency" time="1.205" /><testcase classname="backend.tests.test_phase5_wave_a.TestAIRegression" name="test_ai_generate_types[evolution]" time="5.684" /><testcase classname="backend.tests.test_phase5_wave_a.TestAIRegression" name="test_ai_generate_types[contraindications]" time="10.323" /><testcase classname="backend.tests.test_phase5_wave_a.TestAIRegression" name="test_ai_generate_types[improve]" time="6.552" /><testcase classname="backend.tests.test_phase2_5d_attendance.TestP1Idempotency" name="test_finalize_idempotent_same_payload" time="2.160" /><testcase classname="backend.tests.test_phase2_5d_attendance.TestP1Idempotency" name="test_finalize_idempotent_finance_count" time="1.015" /><testcase classname="backend.tests.test_phase2_5d_attendance.TestP1Idempotency" name="test_finalize_idempotent_different_payload_ignored" time="0.974" /><testcase classname="backend.tests.test_phase2_5d_attendance.TestP2StatusTransitions" name="test_start_sets_em_atendimento" time="0.926" /><testcase classname="backend.tests.test_phase2_5d_attendance.TestP2StatusTransitions" name="test_appointments_backward_compat" time="0.136" /><testcase classname="backend.tests.test_phase2_5d_attendance.TestP3SessionIdentifiers" name="test_session_number_sequential" time="2.370" /><testcase classname="backend.tests.test_phase2_5d_attendance.TestP3SessionIdentifiers" name="test_medical_records_backward_compat" time="0.191" /><testcase classname="backend.tests.test_phase2_5d_attendance.TestP4ProcedureId" name="test_procedure_id_on_appointment" time="0.365" /><testcase classname="backend.tests.test_phase2_5d_attendance.TestRegression" name="test_dashboard_stats" time="0.121" /><testcase classname="backend.tests.test_phase2_5d_attendance.TestRegression" name="test_appointments_list" time="0.204" /><testcase classname="backend.tests.test_phase2_5d_attendance.TestRegression" name="test_patients_list" time="0.133" /><testcase classname="backend.tests.test_phase2_5d_attendance.TestRegression" name="test_finance_summary" time="0.108" /><testcase classname="backend.tests.test_phase2_5d_attendance.TestRegression" name="test_finance_entries" time="0.155" /><testcase classname="backend.tests.test_phase2_5d_attendance.TestRegression" name="test_finance_patient_summary" time="0.132" /><testcase classname="backend.tests.test_phase2_5d_attendance.TestRegression" name="test_finance_entry_post_with_receipt" time="0.616" /><testcase classname="backend.tests.test_phase2_5d_attendance.TestRegression" name="test_budgets_post" time="0.147" /><testcase classname="backend.tests.test_phase2_5d_attendance.TestRegression" name="test_ai_generate" time="0.134" /><testcase classname="backend.tests.test_phase2_5d_attendance.TestRegressionRBAC" name="test_bella_forbidden_finance_entries_get" time="0.121" /><testcase classname="backend.tests.test_phase2_5d_attendance.TestRegressionRBAC" name="test_ana_get_finance_ok" time="0.537" /><testcase classname="backend.tests.test_phase2_5d_attendance.TestRegressionRBAC" name="test_ana_post_finance_forbidden" time="0.131" /><testcase classname="backend.tests.test_phase2_5d_attendance.TestRegressionManualMedicalRecord" name="test_manual_medical_record_post_bella" time="0.116" /><testcase classname="backend.tests.test_phase2_5e_sign.TestC4C5SignHappy" name="test_sign_consent_ok" time="1.778" /><testcase classname="backend.tests.test_phase2_5e_sign.TestC4C5SignHappy" name="test_sign_evolution_ok" time="0.378" /><testcase classname="backend.tests.test_phase2_5e_sign.TestC4C5SignErrors" name="test_sign_invalid_type" time="0.355" /><testcase classname="backend.tests.test_phase2_5e_sign.TestC4C5SignErrors" name="test_sign_short_signature" time="0.377" /><testcase classname="backend.tests.test_phase2_5e_sign.TestC4C5SignErrors" name="test_sign_empty_signature" time="0.499" /><testcase classname="backend.tests.test_phase2_5e_sign.TestC4C5SignErrors" name="test_sign_nonexistent_session" time="0.136" /><testcase classname="backend.tests.test_phase2_5e_sign.TestC4C5SignErrors" name="test_sign_rbac_recepcao_forbidden" time="0.717" /><testcase classname="backend.tests.test_phase2_5e_sign.TestC4C5Persistence" name="test_sign_persists_in_session" time="0.678" /><testcase classname="backend.tests.test_phase2_5e_sign.TestC4C5CopyOnFinalize" name="test_signatures_copied_to_medical_record" time="1.562" /><testcase classname="backend.tests.test_phase2_5e_sign.TestC4C5CopyOnFinalize" name="test_old_records_without_meta_still_listable" time="0.172" /><testcase classname="backend.tests.test_phase2_5e_sign.TestC3PlusFinancialSessionId" name="test_finance_entry_has_session_id_and_number" time="0.720" /><testcase classname="backend.tests.test_phase2_5e_sign.TestC3PlusFinancialSessionId" name="test_installments_share_same_session_id_and_number" time="0.464" /><testcase classname="backend.tests.test_phase2_5e_sign.TestC3PlusFinancialSessionId" name="test_legacy_entries_without_session_id_still_listed" time="0.203" /><testcase classname="backend.tests.test_phase2_5e_sign.TestC7AutosaveIdentity" name="test_put_ignores_appointment_id_and_patient_id_changes" time="0.373" /><testcase classname="backend.tests.test_phase2_5e_sign.TestC7AutosaveIdentity" name="test_put_missing_patient_id_returns_422" time="0.358" /><testcase classname="backend.tests.test_phase2_5e_sign.TestC7AutosaveIdentity" name="test_put_partial_payload_updates" time="0.374" /><testcase classname="backend.tests.test_phase2_5e_sign.TestC7AutosaveIdentity" name="test_put_sequential_updates_last_wins" time="0.739" /><testcase classname="backend.tests.test_phase2_5e_sign.TestRegressionIdempotence" name="test_finalize_idempotent" time="61.481" /><testcase classname="backend.tests.test_phase2_5e_sign.TestRegressionStatus" name="test_start_finalize_status" time="38.519" /><testcase classname="backend.tests.test_phase2_5e_sign.TestRegressionGeneral" name="test_dashboard_stats" time="0.136" /><testcase classname="backend.tests.test_phase2_5e_sign.TestRegressionGeneral" name="test_appointments_list" time="0.142" /><testcase classname="backend.tests.test_phase2_5e_sign.TestRegressionGeneral" name="test_patients_list" time="0.128" /><testcase classname="backend.tests.test_phase2_5e_sign.TestRegressionGeneral" name="test_finance_summary" time="0.122" /><testcase classname="backend.tests.test_phase2_5e_sign.TestRegressionGeneral" name="test_finance_entries_filter_patient" time="0.121" /><testcase classname="backend.tests.test_phase2_5e_sign.TestRegressionGeneral" name="test_finance_patient_summary" time="0.112" /><testcase classname="backend.tests.test_phase2_5e_sign.TestRegressionGeneral" name="test_finance_entry_paid_receipt" time="0.659" /><testcase classname="backend.tests.test_phase2_5e_sign.TestRegressionGeneral" name="test_budgets_post" time="0.120" /><testcase classname="backend.tests.test_phase2_5e_sign.TestRegressionGeneral" name="test_ai_generate" time="0.117" /><testcase classname="backend.tests.test_phase2_5e_sign.TestRegressionRBAC" name="test_bella_forbidden_finance" time="0.130" /><testcase classname="backend.tests.test_phase2_5e_sign.TestRegressionRBAC" name="test_ana_get_finance_ok" time="0.124" /><testcase classname="backend.tests.test_phase2_5e_sign.TestRegressionRBAC" name="test_ana_post_finance_forbidden" time="0.122" /><testcase classname="backend.tests.test_phase2_5e_sign.TestRegressionRBAC" name="test_ana_attendance_endpoints_forbidden" time="0.820" /><testcase classname="backend.tests.test_phase2_5c_receipts.TestAutoReceiptOnCreate" name="test_paid_receita_auto_generates_receipt" time="0.984" /><testcase classname="backend.tests.test_phase2_5c_receipts.TestAutoReceiptOnCreate" name="test_pdf_download_returns_pdf_bytes" time="4.463" /><testcase classname="backend.tests.test_phase2_5c_receipts.TestAutoReceiptOnCreate" name="test_despesa_paid_no_receipt" time="0.164" /><testcase classname="backend.tests.test_phase2_5c_receipts.TestAutoReceiptOnCreate" name="test_paid_false_no_receipt" time="0.123" /><testcase classname="backend.tests.test_phase2_5c_receipts.TestAutoReceiptOnUpdate" name="test_put_paid_true_generates_receipt" time="0.506" /><testcase classname="backend.tests.test_phase2_5c_receipts.TestAutoReceiptOnUpdate" name="test_put_paid_false_keeps_receipt" time="0.117" /><testcase classname="backend.tests.test_phase2_5c_receipts.TestAutoReceiptOnUpdate" name="test_put_paid_true_again_does_not_regenerate" time="0.120" /><testcase classname="backend.tests.test_phase2_5c_receipts.TestReceiptSequence" name="test_three_paid_entries_sequential_unique" time="1.232" /><testcase classname="backend.tests.test_phase2_5c_receipts.TestPostReceiptEndpoint" name="test_post_receipt_idempotent" time="1.270" /><testcase classname="backend.tests.test_phase2_5c_receipts.TestPostReceiptEndpoint" name="test_post_receipt_on_pending_returns_400" time="0.251" /><testcase classname="backend.tests.test_phase2_5c_receipts.TestGetReceiptEndpoint" name="test_get_receipt_of_paid_returns_number_url" time="0.131" /><testcase classname="backend.tests.test_phase2_5c_receipts.TestGetReceiptEndpoint" name="test_get_receipt_404_when_entry_missing" time="0.114" /><testcase classname="backend.tests.test_phase2_5c_receipts.TestEmailEndpoint" name="test_email_uses_patient_email_when_no_body" time="0.994" /><testcase classname="backend.tests.test_phase2_5c_receipts.TestEmailEndpoint" name="test_email_uses_custom_email" time="1.167" /><testcase classname="backend.tests.test_phase2_5c_receipts.TestEmailEndpoint" name="test_email_400_when_no_email" time="0.969" /><testcase classname="backend.tests.test_phase2_5c_receipts.TestEmailEndpoint" name="test_email_400_when_not_paid" time="0.256" /><testcase classname="backend.tests.test_phase2_5c_receipts.TestWhatsappEndpoint" name="test_whatsapp_link_with_br_phone" time="0.749" /><testcase classname="backend.tests.test_phase2_5c_receipts.TestWhatsappEndpoint" name="test_whatsapp_link_no_phone_fallback" time="0.598" /><testcase classname="backend.tests.test_phase2_5c_receipts.TestWhatsappEndpoint" name="test_whatsapp_message_content" time="1.095" /><testcase classname="backend.tests.test_phase2_5c_receipts.TestRBAC" name="test_profissional_forbidden_all_receipts" time="1.913" /><testcase classname="backend.tests.test_phase2_5c_receipts.TestRBAC" name="test_recepcao_read_only" time="1.726" /><testcase classname="backend.tests.test_phase2_5c_receipts.TestPatientSummary" name="test_summary_shape_and_totals" time="0.149" /><testcase classname="backend.tests.test_phase2_5c_receipts.TestFinalizeAttendance" name="test_pago_creates_entry_with_receipt" time="0.608"><skipped type="pytest.skip" message="appointment create failed: 422 {&quot;detail&quot;:[{&quot;type&quot;:&quot;missing&quot;,&quot;loc&quot;:[&quot;body&quot;,&quot;procedure&quot;],&quot;msg&quot;:&quot;Field required&quot;,&quot;input&quot;:{&quot;patient_id&quot;:&quot;pat_ca332651e424&quot;,&quot;professional_id&quot;:&quot;user_3007cbb29a86&quot;,&quot;start&quot;:&quot;2026-02-22T10:00:00&quot;,&quot;end&quot;:&quot;2026-">/app/backend/tests/test_phase2_5c_receipts.py:458: appointment create failed: 422 {"detail":[{"type":"missing","loc":["body","procedure"],"msg":"Field required","input":{"patient_id":"pat_ca332651e424","professional_id":"user_3007cbb29a86","start":"2026-02-22T10:00:00","end":"2026-</skipped></testcase><testcase classname="backend.tests.test_phase2_5c_receipts.TestFinalizeAttendance" name="test_parcial_only_entrada_gets_receipt" time="0.580"><skipped type="pytest.skip" message="appointment create failed: 422">/app/backend/tests/test_phase2_5c_receipts.py:495: appointment create failed: 422</skipped></testcase><testcase classname="backend.tests.test_phase2_5c_receipts.TestRegression" name="test_finance_summary_shape" time="0.114" /><testcase classname="backend.tests.test_phase2_5c_receipts.TestRegression" name="test_dashboard_revenue_month" time="0.124" /><testcase classname="backend.tests.test_phase2_5c_receipts.TestRegression" name="test_finance_entries_filters_still_work" time="0.145" /><testcase classname="backend.tests.test_phase2_5c_receipts.TestRegression" name="test_non_destructive_put_preserves_context" time="0.548" /><testcase classname="backend.tests.test_phase4_ai.TestBackwardCompat" name="test_evolution" time="7.359" /><testcase classname="backend.tests.test_phase4_ai.TestBackwardCompat" name="test_protocol" time="20.884" /><testcase classname="backend.tests.test_phase4_ai.TestBackwardCompat" name="test_session_summary" time="8.022" /><testcase classname="backend.tests.test_phase4_ai.TestBackwardCompat" name="test_anamnesis_summary" time="5.143" /><testcase classname="backend.tests.test_phase4_ai.TestNewTypes" name="test_contraindications" time="10.220" /><testcase classname="backend.tests.test_phase4_ai.TestNewTypes" name="test_improve" time="1.975" /><testcase classname="backend.tests.test_phase4_ai.TestNewTypes" name="test_rewrite" time="3.510" /><testcase classname="backend.tests.test_phase4_ai.TestEnrichedContext" name="test_context_includes_allergies_medications_age" time="12.253" /><testcase classname="backend.tests.test_phase4_ai.TestEnrichedContext" name="test_context_age_approx" time="0.154" /><testcase classname="backend.tests.test_phase4_ai.TestAiGenerationsLog" name="test_generation_logged_with_all_fields" time="6.063" /><testcase classname="backend.tests.test_phase4_ai.TestListRBAC" name="test_filter_by_patient_id" time="0.138" /><testcase classname="backend.tests.test_phase4_ai.TestListRBAC" name="test_limit_param" time="0.124" /><testcase classname="backend.tests.test_phase4_ai.TestListRBAC" name="test_profissional_only_sees_own" time="0.302" /><testcase classname="backend.tests.test_phase4_ai.TestListRBAC" name="test_admin_sees_all" time="5.760" /><testcase classname="backend.tests.test_phase4_ai.TestRobustness" name="test_no_patient_id_ok" time="5.615" /><testcase classname="backend.tests.test_phase4_ai.TestRobustness" name="test_nonexistent_patient_id_ok" time="4.552" /><testcase classname="backend.tests.test_phase4_ai.TestRobustness" name="test_invalid_type_422" time="0.105" /><testcase classname="backend.tests.test_phase4_ai.TestConcurrency" name="test_3_concurrent_calls_create_3_logs" time="17.194" /><testcase classname="backend.tests.test_phase4_ai.TestRegressionPhase3" name="test_completeness" time="0.138" /><testcase classname="backend.tests.test_phase4_ai.TestRegressionPhase3" name="test_timeline" time="0.141" /><testcase classname="backend.tests.test_phase4_ai.TestRegressionPhase3" name="test_finance_patient_summary" time="0.115" /><testcase classname="backend.tests.test_phase4_ai.TestRegressionPhase3" name="test_budgets_list" time="0.135" /><testcase classname="backend.tests.test_phase4_ai.TestRegressionPhase3" name="test_dashboard" time="0.138" /><testcase classname="backend.tests.test_phase4_ai.TestRegressionPhase3" name="test_appointments_list" time="0.141" /><testcase classname="backend.tests.test_phase4_ai.TestRegressionPhase3" name="test_patients_list" time="0.136" /><testcase classname="backend.tests.test_phase4_ai.TestRegressionPhase3" name="test_medical_records_list" time="0.142" /><testcase classname="backend.tests.test_phase2_5_finance.TestFinanceRBAC" name="test_profissional_forbidden_get_entries" time="0.504" /><testcase classname="backend.tests.test_phase2_5_finance.TestFinanceRBAC" name="test_profissional_forbidden_summary" time="0.123" /><testcase classname="backend.tests.test_phase2_5_finance.TestFinanceRBAC" name="test_profissional_forbidden_post" time="0.163" /><testcase classname="backend.tests.test_phase2_5_finance.TestFinanceRBAC" name="test_admin_can_read_entries" time="0.525" /><testcase classname="backend.tests.test_phase2_5_finance.TestFinanceRBAC" name="test_admin_can_summary" time="0.120" /><testcase classname="backend.tests.test_phase2_5_finance.TestFinanceRBAC" name="test_recepcao_can_read_entries" time="0.573" /><testcase classname="backend.tests.test_phase2_5_finance.TestFinanceRBAC" name="test_recepcao_can_read_summary" time="0.149" /><testcase classname="backend.tests.test_phase2_5_finance.TestFinanceRBAC" name="test_recepcao_cannot_post" time="0.116" /><testcase classname="backend.tests.test_phase2_5_finance.TestFinanceRBAC" name="test_recepcao_cannot_put" time="0.347" /><testcase classname="backend.tests.test_phase2_5_finance.TestFinanceRBAC" name="test_recepcao_cannot_delete" time="0.369" /><testcase classname="backend.tests.test_phase2_5_finance.TestFinanceSchemaAndPUT" name="test_create_entry_returns_new_fields_with_defaults" time="0.595" /><testcase classname="backend.tests.test_phase2_5_finance.TestFinanceSchemaAndPUT" name="test_create_entry_paid_true_sets_paid_at" time="0.467" /><testcase classname="backend.tests.test_phase2_5_finance.TestFinanceSchemaAndPUT" name="test_put_preserves_context_fields" time="0.914" /><testcase classname="backend.tests.test_phase2_5_finance.TestFinanceFilters" name="test_filter_type_and_paid_and_search_and_date_and_group" time="4.177" /><testcase classname="backend.tests.test_phase2_5_finance.TestInstallmentsFlow" name="test_nao_pago_creates_n_installments" time="1.256" /><testcase classname="backend.tests.test_phase2_5_finance.TestInstallmentsFlow" name="test_parcial_creates_entrada_plus_n_balance_parcelas" time="1.196" /><testcase classname="backend.tests.test_phase2_5_finance.TestInstallmentsFlow" name="test_pago_creates_single_entry" time="0.886" /><testcase classname="backend.tests.test_phase2_5_finance.TestInstallmentsFlow" name="test_finalize_default_installments_backward_compat" time="0.621" /><testcase classname="backend.tests.test_phase2_5_finance.TestBudgetApprovalAndCharges" name="test_public_approval_sets_pending_charge_generation_and_no_entries_created" time="1.806" /><testcase classname="backend.tests.test_phase2_5_finance.TestBudgetApprovalAndCharges" name="test_idempotency_when_manual_entry_already_linked" time="0.866" /><testcase classname="backend.tests.test_phase2_5_finance.TestDashboardRegression" name="test_dashboard_stats_returns_revenue_month" time="0.116" /><testcase classname="backend.tests.test_phase2_5_finance.TestDashboardRegression" name="test_finance_summary_shape" time="0.147" /><testcase classname="backend.tests.test_phase2_5_finance.TestIndexes" name="test_no_duplicate_entry_ids_in_lists" time="0.222" /><testcase classname="backend.tests.test_phase2_integridade_clinica.TestFichaSnapshot" name="test_ficha_snapshot_captured_on_finalize" time="2.141" /><testcase classname="backend.tests.test_phase2_integridade_clinica.TestFichaSnapshot" name="test_ficha_snapshot_empty_when_no_modules" time="1.146" /><testcase classname="backend.tests.test_phase2_integridade_clinica.TestFichaSnapshot" name="test_ficha_snapshot_isolation_by_professional" time="1.407" /><testcase classname="backend.tests.test_phase2_integridade_clinica.TestFichaSnapshot" name="test_ficha_snapshot_admin_sees_all_modules" time="1.316" /><testcase classname="backend.tests.test_phase2_integridade_clinica.TestTimelineStructure" name="test_timeline_404_nonexistent" time="0.138" /><testcase classname="backend.tests.test_phase2_integridade_clinica.TestTimelineStructure" name="test_timeline_top_level_shape" time="0.288" /><testcase classname="backend.tests.test_phase2_integridade_clinica.TestTimelineSessions" name="test_timeline_session_fields" time="3.028" /><testcase classname="backend.tests.test_phase2_integridade_clinica.TestTimelineSessions" name="test_timeline_order_desc" time="0.166" /><testcase classname="backend.tests.test_phase2_integridade_clinica.TestTimelineSessions" name="test_timeline_finalized_sessions_have_session_number" time="0.139" /><testcase classname="backend.tests.test_phase2_integridade_clinica.TestTimelineSessions" name="test_timeline_in_progress_session" time="0.141" /><testcase classname="backend.tests.test_phase2_integridade_clinica.TestTimelineSessions" name="test_timeline_receipts_derived" time="0.121" /><testcase classname="backend.tests.test_phase2_integridade_clinica.TestTimelineRBAC" name="test_timeline_professional_sees_only_own" time="2.109" /><testcase classname="backend.tests.test_phase2_integridade_clinica.TestTimelineRBAC" name="test_timeline_recepcao_access" time="0.466" /><testcase classname="backend.tests.test_phase2_integridade_clinica.TestTimelineLegacy" name="test_timeline_legacy_records" time="0.434" /><testcase classname="backend.tests.test_phase2_integridade_clinica.TestRegression" name="test_finalize_idempotence_snapshot_from_first" time="1.289" /><testcase classname="backend.tests.test_phase2_integridade_clinica.TestRegression" name="test_regression_medical_records_list" time="35.998" /><testcase classname="backend.tests.test_phase2_integridade_clinica.TestRegression" name="test_regression_anamnesis_modules_list" time="0.159" /><testcase classname="backend.tests.test_phase2_integridade_clinica.TestRegression" name="test_regression_finance_summary" time="0.132" /></testsuite></testsuites>