<?xml version="1.0" encoding="utf-8"?><testsuites name="pytest tests"><testsuite name="pytest" errors="0" failures="0" skipped="0" tests="10" time="7.487" timestamp="2026-08-10T20:29:35.025054+00:00" hostname="agent-env-20ef14a3-0f95-45ef-84ce-546e5a5cdc71"><testcase classname="backend.tests.test_f1_f2_qr_photos_signatures.TestF1Photos" name="test_add_photo_via_atomic_endpoint" time="1.326" /><testcase classname="backend.tests.test_f1_f2_qr_photos_signatures.TestF1Photos" name="test_add_same_photo_returns_duplicate" time="0.110" /><testcase classname="backend.tests.test_f1_f2_qr_photos_signatures.TestF1Photos" name="test_reject_external_url" time="0.123" /><testcase classname="backend.tests.test_f1_f2_qr_photos_signatures.TestF1Photos" name="test_autosave_without_photos_preserves_existing" time="0.352" /><testcase classname="backend.tests.test_f1_f2_qr_photos_signatures.TestF1Photos" name="test_delete_photo_removes_only_target_and_logs_event" time="2.364" /><testcase classname="backend.tests.test_f1_f2_qr_photos_signatures.TestF1MobileUpload" name="test_mobile_init_upload_and_photo_persists" time="0.978" /><testcase classname="backend.tests.test_f1_f2_qr_photos_signatures.TestF1MobileUpload" name="test_mobile_upload_invalid_module_returns_404" time="0.565" /><testcase classname="backend.tests.test_f1_f2_qr_photos_signatures.TestF2PublicSignAndFinalize" name="test_public_sign_patient_updates_status_and_logs_event" time="0.508" /><testcase classname="backend.tests.test_f1_f2_qr_photos_signatures.TestF2PublicSignAndFinalize" name="test_sign_professional_and_finalize" time="0.947" /><testcase classname="backend.tests.test_f1_f2_qr_photos_signatures.TestTimelineAdditive" name="test_timeline_has_new_fields_without_breaking_old" time="0.122" /></testsuite></testsuites>