<?xml version="1.0" encoding="utf-8"?><testsuites name="pytest tests"><testsuite name="pytest" errors="0" failures="0" skipped="2" tests="28" time="34.419" timestamp="2026-07-24T16:36:15.325544+00:00" hostname="agent-env-1372f60d-6705-4bd4-88b0-1fd34e8568c7"><testcase classname="backend.tests.test_phase2_5c_receipts.TestAutoReceiptOnCreate" name="test_paid_receita_auto_generates_receipt" time="0.931" /><testcase classname="backend.tests.test_phase2_5c_receipts.TestAutoReceiptOnCreate" name="test_pdf_download_returns_pdf_bytes" time="0.241" /><testcase classname="backend.tests.test_phase2_5c_receipts.TestAutoReceiptOnCreate" name="test_despesa_paid_no_receipt" time="0.110" /><testcase classname="backend.tests.test_phase2_5c_receipts.TestAutoReceiptOnCreate" name="test_paid_false_no_receipt" time="0.114" /><testcase classname="backend.tests.test_phase2_5c_receipts.TestAutoReceiptOnUpdate" name="test_put_paid_true_generates_receipt" time="0.535" /><testcase classname="backend.tests.test_phase2_5c_receipts.TestAutoReceiptOnUpdate" name="test_put_paid_false_keeps_receipt" time="0.107" /><testcase classname="backend.tests.test_phase2_5c_receipts.TestAutoReceiptOnUpdate" name="test_put_paid_true_again_does_not_regenerate" time="0.119" /><testcase classname="backend.tests.test_phase2_5c_receipts.TestReceiptSequence" name="test_three_paid_entries_sequential_unique" time="1.595" /><testcase classname="backend.tests.test_phase2_5c_receipts.TestPostReceiptEndpoint" name="test_post_receipt_idempotent" time="1.325" /><testcase classname="backend.tests.test_phase2_5c_receipts.TestPostReceiptEndpoint" name="test_post_receipt_on_pending_returns_400" time="0.230" /><testcase classname="backend.tests.test_phase2_5c_receipts.TestGetReceiptEndpoint" name="test_get_receipt_of_paid_returns_number_url" time="0.103" /><testcase classname="backend.tests.test_phase2_5c_receipts.TestGetReceiptEndpoint" name="test_get_receipt_404_when_entry_missing" time="0.105" /><testcase classname="backend.tests.test_phase2_5c_receipts.TestEmailEndpoint" name="test_email_uses_patient_email_when_no_body" time="1.076" /><testcase classname="backend.tests.test_phase2_5c_receipts.TestEmailEndpoint" name="test_email_uses_custom_email" time="1.022" /><testcase classname="backend.tests.test_phase2_5c_receipts.TestEmailEndpoint" name="test_email_400_when_no_email" time="0.717" /><testcase classname="backend.tests.test_phase2_5c_receipts.TestEmailEndpoint" name="test_email_400_when_not_paid" time="0.224" /><testcase classname="backend.tests.test_phase2_5c_receipts.TestWhatsappEndpoint" name="test_whatsapp_link_with_br_phone" time="0.730" /><testcase classname="backend.tests.test_phase2_5c_receipts.TestWhatsappEndpoint" name="test_whatsapp_link_no_phone_fallback" time="19.802" /><testcase classname="backend.tests.test_phase2_5c_receipts.TestWhatsappEndpoint" name="test_whatsapp_message_content" time="0.452" /><testcase classname="backend.tests.test_phase2_5c_receipts.TestRBAC" name="test_profissional_forbidden_all_receipts" time="1.398" /><testcase classname="backend.tests.test_phase2_5c_receipts.TestRBAC" name="test_recepcao_read_only" time="1.184" /><testcase classname="backend.tests.test_phase2_5c_receipts.TestPatientSummary" name="test_summary_shape_and_totals" time="0.109" /><testcase classname="backend.tests.test_phase2_5c_receipts.TestFinalizeAttendance" name="test_pago_creates_entry_with_receipt" time="0.546"><skipped type="pytest.skip" message="appointment create failed: 422 {&quot;detail&quot;:[{&quot;type&quot;:&quot;missing&quot;,&quot;loc&quot;:[&quot;body&quot;,&quot;procedure&quot;],&quot;msg&quot;:&quot;Field required&quot;,&quot;input&quot;:{&quot;patient_id&quot;:&quot;pat_c505ebe64dd6&quot;,&quot;professional_id&quot;:&quot;user_3007cbb29a86&quot;,&quot;start&quot;:&quot;2026-02-22T10:00:00&quot;,&quot;end&quot;:&quot;2026-">/app/backend/tests/test_phase2_5c_receipts.py:458: appointment create failed: 422 {"detail":[{"type":"missing","loc":["body","procedure"],"msg":"Field required","input":{"patient_id":"pat_c505ebe64dd6","professional_id":"user_3007cbb29a86","start":"2026-02-22T10:00:00","end":"2026-</skipped></testcase><testcase classname="backend.tests.test_phase2_5c_receipts.TestFinalizeAttendance" name="test_parcial_only_entrada_gets_receipt" time="0.526"><skipped type="pytest.skip" message="appointment create failed: 422">/app/backend/tests/test_phase2_5c_receipts.py:495: appointment create failed: 422</skipped></testcase><testcase classname="backend.tests.test_phase2_5c_receipts.TestRegression" name="test_finance_summary_shape" time="0.104" /><testcase classname="backend.tests.test_phase2_5c_receipts.TestRegression" name="test_dashboard_revenue_month" time="0.107" /><testcase classname="backend.tests.test_phase2_5c_receipts.TestRegression" name="test_finance_entries_filters_still_work" time="0.104" /><testcase classname="backend.tests.test_phase2_5c_receipts.TestRegression" name="test_non_destructive_put_preserves_context" time="0.690" /></testsuite></testsuites>