<?xml version="1.0" encoding="utf-8"?><testsuites name="pytest tests"><testsuite name="pytest" errors="0" failures="3" skipped="1" tests="25" time="5.357" timestamp="2026-07-17T19:02:32.693562+00:00" hostname="agent-env-1372f60d-6705-4bd4-88b0-1fd34e8568c7"><testcase classname="backend.tests.test_phase2_4b_superadmin.TestSuperAdminAuth" name="test_super_admin_login_returns_role_and_token" time="0.388" /><testcase classname="backend.tests.test_phase2_4b_superadmin.TestSuperAdminSummary" name="test_summary_super_admin_ok" time="0.406" /><testcase classname="backend.tests.test_phase2_4b_superadmin.TestSuperAdminSummary" name="test_summary_admin_forbidden" time="0.407" /><testcase classname="backend.tests.test_phase2_4b_superadmin.TestSuperAdminSummary" name="test_summary_professional_forbidden" time="0.387" /><testcase classname="backend.tests.test_phase2_4b_superadmin.TestSuperAdminSummary" name="test_summary_receptionist_forbidden" time="0.419" /><testcase classname="backend.tests.test_phase2_4b_superadmin.TestSuperAdminSummary" name="test_clinics_super_admin_ok" time="0.054" /><testcase classname="backend.tests.test_phase2_4b_superadmin.TestSuperAdminSummary" name="test_clinics_admin_forbidden" time="0.055" /><testcase classname="backend.tests.test_phase2_4b_superadmin.TestCouponsCRUD" name="test_list_coupons_forbidden_for_admin" time="0.051" /><testcase classname="backend.tests.test_phase2_4b_superadmin.TestCouponsCRUD" name="test_list_coupons_super_admin" time="0.055" /><testcase classname="backend.tests.test_phase2_4b_superadmin.TestCouponsCRUD" name="test_create_coupon" time="0.060" /><testcase classname="backend.tests.test_phase2_4b_superadmin.TestCouponsCRUD" name="test_create_coupon_duplicate_returns_400" time="0.044" /><testcase classname="backend.tests.test_phase2_4b_superadmin.TestCouponsCRUD" name="test_update_coupon" time="0.049" /><testcase classname="backend.tests.test_phase2_4b_superadmin.TestCouponsCRUD" name="test_validate_coupon_ok" time="0.052" /><testcase classname="backend.tests.test_phase2_4b_superadmin.TestCouponsCRUD" name="test_validate_coupon_plan_not_applicable" time="0.045" /><testcase classname="backend.tests.test_phase2_4b_superadmin.TestCouponsCRUD" name="test_validate_coupon_not_found" time="0.047" /><testcase classname="backend.tests.test_phase2_4b_superadmin.TestCouponsCRUD" name="test_validate_expired_coupon" time="0.139" /><testcase classname="backend.tests.test_phase2_4b_superadmin.TestCouponsCRUD" name="test_validate_exhausted_coupon" time="0.185" /><testcase classname="backend.tests.test_phase2_4b_superadmin.TestWebhookInvoice" name="test_webhook_missing_id_returns_400" time="0.044" /><testcase classname="backend.tests.test_phase2_4b_superadmin.TestWebhookInvoice" name="test_webhook_payment_confirmed_creates_invoice" time="0.379" /><testcase classname="backend.tests.test_phase2_4b_superadmin.TestWebhookInvoice" name="test_webhook_duplicate_returns_duplicate_true" time="0.042" /><testcase classname="backend.tests.test_phase2_4b_superadmin.TestWebhookInvoice" name="test_invoices_endpoint_returns_payment_with_url" time="1.049"><failure message="Failed: BUG: /invoices returns [] because _build_invoice_pdf broke — see backend logs 'Invoice PDF gen failed: Declaration group closing }' not found'. Fix: apply comma/dot swap only to the amount string, not the entire HTML.">E   Failed: BUG: /invoices returns [] because _build_invoice_pdf broke — see backend logs 'Invoice PDF gen failed: Declaration group closing }' not found'. Fix: apply comma/dot swap only to the amount string, not the entire HTML.</failure></testcase><testcase classname="backend.tests.test_phase2_4b_superadmin.TestWebhookInvoice" name="test_invoice_url_returns_pdf" time="0.000"><failure message="AssertionError: invoice_url from previous test&#10;assert None">E   AssertionError: invoice_url from previous test
    assert None</failure></testcase><testcase classname="backend.tests.test_phase2_4b_superadmin.TestEmailLogs" name="test_email_log_exists_after_webhook" time="0.045"><failure message="assert False&#10; +  where False = any(&lt;generator object TestEmailLogs.test_email_log_exists_after_webhook.&lt;locals&gt;.&lt;genexpr&gt; at 0xf9f2866f75a0&gt;)">E   assert False
     +  where False = any(&lt;generator object TestEmailLogs.test_email_log_exists_after_webhook.&lt;locals&gt;.&lt;genexpr&gt; at 0xf9f2866f75a0&gt;)</failure></testcase><testcase classname="backend.tests.test_phase2_4b_superadmin.TestCheckoutCoupon" name="test_checkout_applies_coupon_discount" time="0.734"><skipped type="pytest.skip" message="checkout failed (env dependent): 502 &lt;!DOCTYPE html&gt;&#10;&lt;!--[if lt IE 7]&gt; &lt;html class=&quot;no-js ie6 oldie&quot; lang=&quot;en-US&quot;&gt; &lt;![endif]--&gt;&#10;&lt;!--[if IE 7]&gt;    &lt;html class=&quot;no-js ie7 oldie&quot; lang=&quot;en-US&quot;&gt; &lt;![endif]--&gt;&#10;&lt;!--[if IE 8]&gt;    &lt;html class=&quot;no-">/app/backend/tests/test_phase2_4b_superadmin.py:371: checkout failed (env dependent): 502 &lt;!DOCTYPE html&gt;
&lt;!--[if lt IE 7]&gt; &lt;html class="no-js ie6 oldie" lang="en-US"&gt; &lt;![endif]--&gt;
&lt;!--[if IE 7]&gt;    &lt;html class="no-js ie7 oldie" lang="en-US"&gt; &lt;![endif]--&gt;
&lt;!--[if IE 8]&gt;    &lt;html class="no-</skipped></testcase><testcase classname="backend.tests.test_phase2_4b_superadmin.TestZZZCleanup" name="test_cleanup" time="0.115" /></testsuite></testsuites>