<?xml version="1.0" encoding="utf-8"?><testsuites name="pytest tests"><testsuite name="pytest" errors="0" failures="0" skipped="0" tests="32" time="15.951" timestamp="2026-07-27T17:57:05.558083+00:00" hostname="agent-env-1372f60d-6705-4bd4-88b0-1fd34e8568c7"><testcase classname="backend.tests.test_phase2_5e_sign.TestC4C5SignHappy" name="test_sign_consent_ok" time="1.899" /><testcase classname="backend.tests.test_phase2_5e_sign.TestC4C5SignHappy" name="test_sign_evolution_ok" time="0.462" /><testcase classname="backend.tests.test_phase2_5e_sign.TestC4C5SignErrors" name="test_sign_invalid_type" time="0.387" /><testcase classname="backend.tests.test_phase2_5e_sign.TestC4C5SignErrors" name="test_sign_short_signature" time="0.431" /><testcase classname="backend.tests.test_phase2_5e_sign.TestC4C5SignErrors" name="test_sign_empty_signature" time="0.404" /><testcase classname="backend.tests.test_phase2_5e_sign.TestC4C5SignErrors" name="test_sign_nonexistent_session" time="0.208" /><testcase classname="backend.tests.test_phase2_5e_sign.TestC4C5SignErrors" name="test_sign_rbac_recepcao_forbidden" time="0.886" /><testcase classname="backend.tests.test_phase2_5e_sign.TestC4C5Persistence" name="test_sign_persists_in_session" time="0.690" /><testcase classname="backend.tests.test_phase2_5e_sign.TestC4C5CopyOnFinalize" name="test_signatures_copied_to_medical_record" time="1.234" /><testcase classname="backend.tests.test_phase2_5e_sign.TestC4C5CopyOnFinalize" name="test_old_records_without_meta_still_listable" time="0.205" /><testcase classname="backend.tests.test_phase2_5e_sign.TestC3PlusFinancialSessionId" name="test_finance_entry_has_session_id_and_number" time="0.865" /><testcase classname="backend.tests.test_phase2_5e_sign.TestC3PlusFinancialSessionId" name="test_installments_share_same_session_id_and_number" time="0.510" /><testcase classname="backend.tests.test_phase2_5e_sign.TestC3PlusFinancialSessionId" name="test_legacy_entries_without_session_id_still_listed" time="0.187" /><testcase classname="backend.tests.test_phase2_5e_sign.TestC7AutosaveIdentity" name="test_put_ignores_appointment_id_and_patient_id_changes" time="0.388" /><testcase classname="backend.tests.test_phase2_5e_sign.TestC7AutosaveIdentity" name="test_put_missing_patient_id_returns_422" time="0.372" /><testcase classname="backend.tests.test_phase2_5e_sign.TestC7AutosaveIdentity" name="test_put_partial_payload_updates" time="0.415" /><testcase classname="backend.tests.test_phase2_5e_sign.TestC7AutosaveIdentity" name="test_put_sequential_updates_last_wins" time="0.876" /><testcase classname="backend.tests.test_phase2_5e_sign.TestRegressionIdempotence" name="test_finalize_idempotent" time="1.053" /><testcase classname="backend.tests.test_phase2_5e_sign.TestRegressionStatus" name="test_start_finalize_status" time="1.528" /><testcase classname="backend.tests.test_phase2_5e_sign.TestRegressionGeneral" name="test_dashboard_stats" time="0.143" /><testcase classname="backend.tests.test_phase2_5e_sign.TestRegressionGeneral" name="test_appointments_list" time="0.167" /><testcase classname="backend.tests.test_phase2_5e_sign.TestRegressionGeneral" name="test_patients_list" time="0.142" /><testcase classname="backend.tests.test_phase2_5e_sign.TestRegressionGeneral" name="test_finance_summary" time="0.143" /><testcase classname="backend.tests.test_phase2_5e_sign.TestRegressionGeneral" name="test_finance_entries_filter_patient" time="0.157" /><testcase classname="backend.tests.test_phase2_5e_sign.TestRegressionGeneral" name="test_finance_patient_summary" time="0.120" /><testcase classname="backend.tests.test_phase2_5e_sign.TestRegressionGeneral" name="test_finance_entry_paid_receipt" time="0.453" /><testcase classname="backend.tests.test_phase2_5e_sign.TestRegressionGeneral" name="test_budgets_post" time="0.142" /><testcase classname="backend.tests.test_phase2_5e_sign.TestRegressionGeneral" name="test_ai_generate" time="0.102" /><testcase classname="backend.tests.test_phase2_5e_sign.TestRegressionRBAC" name="test_bella_forbidden_finance" time="0.122" /><testcase classname="backend.tests.test_phase2_5e_sign.TestRegressionRBAC" name="test_ana_get_finance_ok" time="0.183" /><testcase classname="backend.tests.test_phase2_5e_sign.TestRegressionRBAC" name="test_ana_post_finance_forbidden" time="0.122" /><testcase classname="backend.tests.test_phase2_5e_sign.TestRegressionRBAC" name="test_ana_attendance_endpoints_forbidden" time="0.825" /></testsuite></testsuites>