<?xml version="1.0" encoding="utf-8"?><testsuites name="pytest tests"><testsuite name="pytest" errors="0" failures="1" skipped="0" tests="26" time="117.089" timestamp="2026-07-31T16:33:40.024567+00:00" hostname="agent-env-1372f60d-6705-4bd4-88b0-1fd34e8568c7"><testcase classname="backend.tests.test_phase4_ai.TestBackwardCompat" name="test_evolution" time="9.722" /><testcase classname="backend.tests.test_phase4_ai.TestBackwardCompat" name="test_protocol" time="26.054" /><testcase classname="backend.tests.test_phase4_ai.TestBackwardCompat" name="test_session_summary" time="6.572" /><testcase classname="backend.tests.test_phase4_ai.TestBackwardCompat" name="test_anamnesis_summary" time="5.355" /><testcase classname="backend.tests.test_phase4_ai.TestNewTypes" name="test_contraindications" time="9.984" /><testcase classname="backend.tests.test_phase4_ai.TestNewTypes" name="test_improve" time="1.894" /><testcase classname="backend.tests.test_phase4_ai.TestNewTypes" name="test_rewrite" time="2.724" /><testcase classname="backend.tests.test_phase4_ai.TestEnrichedContext" name="test_context_includes_allergies_medications_age" time="11.956" /><testcase classname="backend.tests.test_phase4_ai.TestEnrichedContext" name="test_context_age_approx" time="0.116" /><testcase classname="backend.tests.test_phase4_ai.TestAiGenerationsLog" name="test_generation_logged_with_all_fields" time="6.297" /><testcase classname="backend.tests.test_phase4_ai.TestListRBAC" name="test_filter_by_patient_id" time="0.108" /><testcase classname="backend.tests.test_phase4_ai.TestListRBAC" name="test_limit_param" time="0.187" /><testcase classname="backend.tests.test_phase4_ai.TestListRBAC" name="test_profissional_only_sees_own" time="0.270" /><testcase classname="backend.tests.test_phase4_ai.TestListRBAC" name="test_admin_sees_all" time="6.325" /><testcase classname="backend.tests.test_phase4_ai.TestRobustness" name="test_no_patient_id_ok" time="5.743" /><testcase classname="backend.tests.test_phase4_ai.TestRobustness" name="test_nonexistent_patient_id_ok" time="6.148" /><testcase classname="backend.tests.test_phase4_ai.TestRobustness" name="test_invalid_type_422" time="0.142" /><testcase classname="backend.tests.test_phase4_ai.TestConcurrency" name="test_3_concurrent_calls_create_3_logs" time="16.270" /><testcase classname="backend.tests.test_phase4_ai.TestRegressionPhase3" name="test_completeness" time="0.104" /><testcase classname="backend.tests.test_phase4_ai.TestRegressionPhase3" name="test_timeline" time="0.136" /><testcase classname="backend.tests.test_phase4_ai.TestRegressionPhase3" name="test_finance_patient_summary" time="0.117"><failure message="assert 403 in (200, 404)&#10; +  where 403 = &lt;Response [403]&gt;.status_code">backend/tests/test_phase4_ai.py:341: in test_finance_patient_summary
    assert r.status_code in (200, 404)
E   assert 403 in (200, 404)
E    +  where 403 = &lt;Response [403]&gt;.status_code</failure></testcase><testcase classname="backend.tests.test_phase4_ai.TestRegressionPhase3" name="test_budgets_list" time="0.114" /><testcase classname="backend.tests.test_phase4_ai.TestRegressionPhase3" name="test_dashboard" time="0.189" /><testcase classname="backend.tests.test_phase4_ai.TestRegressionPhase3" name="test_appointments_list" time="0.128" /><testcase classname="backend.tests.test_phase4_ai.TestRegressionPhase3" name="test_patients_list" time="0.130" /><testcase classname="backend.tests.test_phase4_ai.TestRegressionPhase3" name="test_medical_records_list" time="0.128" /></testsuite></testsuites>