<?xml version="1.0" encoding="utf-8"?><testsuites name="pytest tests"><testsuite name="pytest" errors="0" failures="0" skipped="0" tests="15" time="3.187" timestamp="2026-06-04T20:48:15.032419+00:00" hostname="agent-env-1372f60d-6705-4bd4-88b0-1fd34e8568c7"><testcase classname="backend.tests.test_phase2_2b_api.TestBudgets" name="test_create_budget_totals" time="0.542" /><testcase classname="backend.tests.test_phase2_2b_api.TestBudgets" name="test_list_budgets_by_patient" time="0.059" /><testcase classname="backend.tests.test_phase2_2b_api.TestBudgets" name="test_get_budget" time="0.048" /><testcase classname="backend.tests.test_phase2_2b_api.TestBudgets" name="test_update_budget_recalc" time="0.048" /><testcase classname="backend.tests.test_phase2_2b_api.TestBudgets" name="test_public_link" time="0.053" /><testcase classname="backend.tests.test_phase2_2b_api.TestBudgets" name="test_public_get_no_auth" time="0.114" /><testcase classname="backend.tests.test_phase2_2b_api.TestBudgets" name="test_public_sign_reject" time="0.135" /><testcase classname="backend.tests.test_phase2_2b_api.TestBudgets" name="test_public_sign_approve" time="0.175" /><testcase classname="backend.tests.test_phase2_2b_api.TestFinalizeFinancial" name="test_finalize_pago" time="0.258" /><testcase classname="backend.tests.test_phase2_2b_api.TestFinalizeFinancial" name="test_finalize_parcial" time="0.255" /><testcase classname="backend.tests.test_phase2_2b_api.TestFinalizeFinancial" name="test_finalize_nao_pago" time="0.256" /><testcase classname="backend.tests.test_phase2_2b_api.TestFinalizeFinancial" name="test_finalize_with_budget" time="0.342" /><testcase classname="backend.tests.test_phase2_2b_api.TestRecepcaoRBAC" name="test_forbidden_clinical" time="0.541" /><testcase classname="backend.tests.test_phase2_2b_api.TestRecepcaoRBAC" name="test_forbidden_attendance" time="0.106" /><testcase classname="backend.tests.test_phase2_2b_api.TestRecepcaoRBAC" name="test_allowed_endpoints" time="0.161" /></testsuite></testsuites>