<?xml version="1.0" encoding="utf-8"?><testsuites name="pytest tests"><testsuite name="pytest" errors="0" failures="0" skipped="0" tests="19" time="6.453" timestamp="2026-05-28T17:10:52.345508+00:00" hostname="agent-env-1372f60d-6705-4bd4-88b0-1fd34e8568c7"><testcase classname="test_proclinic_api.TestHealth" name="test_root" time="0.137" /><testcase classname="test_proclinic_api.TestAuth" name="test_login_success_sets_cookie" time="0.275" /><testcase classname="test_proclinic_api.TestAuth" name="test_login_wrong_password" time="0.293" /><testcase classname="test_proclinic_api.TestAuth" name="test_me_returns_user" time="0.324" /><testcase classname="test_proclinic_api.TestAuth" name="test_me_unauthorized" time="0.108" /><testcase classname="test_proclinic_api.TestAuth" name="test_register_new_user" time="0.279" /><testcase classname="test_proclinic_api.TestAuth" name="test_logout_clears_cookies" time="0.427" /><testcase classname="test_proclinic_api.TestAuth" name="test_google_session_missing_id" time="0.058" /><testcase classname="test_proclinic_api.TestPatients" name="test_list_patients_seeded" time="0.053" /><testcase classname="test_proclinic_api.TestPatients" name="test_create_get_update_delete_patient" time="0.290" /><testcase classname="test_proclinic_api.TestPatients" name="test_patients_requires_auth" time="0.113" /><testcase classname="test_proclinic_api.TestAppointments" name="test_list_appointments" time="0.051" /><testcase classname="test_proclinic_api.TestAppointments" name="test_create_update_delete_appointment" time="0.214" /><testcase classname="test_proclinic_api.TestMedicalRecords" name="test_create_and_list" time="0.146" /><testcase classname="test_proclinic_api.TestAnamnesis" name="test_create_and_list" time="0.155" /><testcase classname="test_proclinic_api.TestFinance" name="test_summary" time="0.052" /><testcase classname="test_proclinic_api.TestFinance" name="test_create_entry" time="0.100" /><testcase classname="test_proclinic_api.TestDashboard" name="test_stats" time="0.055" /><testcase classname="test_proclinic_api.TestAI" name="test_chat_returns_reply" time="3.253" /></testsuite></testsuites>