<?xml version="1.0" encoding="utf-8"?><testsuites name="pytest tests"><testsuite name="pytest" errors="0" failures="0" skipped="0" tests="33" time="5.024" timestamp="2026-05-30T18:52:50.708587+00:00" hostname="agent-env-1372f60d-6705-4bd4-88b0-1fd34e8568c7"><testcase classname="backend.tests.test_phase2_1_api.TestProcedures" name="test_create_procedure" time="0.542" /><testcase classname="backend.tests.test_phase2_1_api.TestProcedures" name="test_list_procedures" time="0.102" /><testcase classname="backend.tests.test_phase2_1_api.TestProcedures" name="test_list_active_only" time="0.118" /><testcase classname="backend.tests.test_phase2_1_api.TestProcedures" name="test_update_procedure" time="0.118" /><testcase classname="backend.tests.test_phase2_1_api.TestProcedures" name="test_delete_procedure" time="0.217" /><testcase classname="backend.tests.test_phase2_1_api.TestProcedures" name="test_procedures_requires_auth" time="0.120" /><testcase classname="backend.tests.test_phase2_1_api.TestClinicSettings" name="test_get_clinic" time="0.109" /><testcase classname="backend.tests.test_phase2_1_api.TestClinicSettings" name="test_update_clinic_full_fields" time="0.241" /><testcase classname="backend.tests.test_phase2_1_api.TestClinicSettings" name="test_clinic_requires_auth" time="0.213" /><testcase classname="backend.tests.test_phase2_1_api.TestPublicConfirmation" name="test_get_confirmation_link_auth_required" time="0.219" /><testcase classname="backend.tests.test_phase2_1_api.TestPublicConfirmation" name="test_get_confirmation_link" time="0.110" /><testcase classname="backend.tests.test_phase2_1_api.TestPublicConfirmation" name="test_public_get_appointment_no_auth" time="0.105" /><testcase classname="backend.tests.test_phase2_1_api.TestPublicConfirmation" name="test_public_get_invalid_token" time="0.107" /><testcase classname="backend.tests.test_phase2_1_api.TestPublicConfirmation" name="test_public_action_confirm" time="0.117" /><testcase classname="backend.tests.test_phase2_1_api.TestPublicConfirmation" name="test_public_action_persisted" time="0.154" /><testcase classname="backend.tests.test_phase2_1_api.TestPublicConfirmation" name="test_public_action_cancel" time="0.122" /><testcase classname="backend.tests.test_phase2_1_api.TestPublicConfirmation" name="test_public_action_reschedule" time="0.119" /><testcase classname="backend.tests.test_phase2_1_api.TestMobileUpload" name="test_init_auth_required" time="0.104" /><testcase classname="backend.tests.test_phase2_1_api.TestMobileUpload" name="test_init_token" time="0.107" /><testcase classname="backend.tests.test_phase2_1_api.TestMobileUpload" name="test_verify_token_no_auth" time="0.106" /><testcase classname="backend.tests.test_phase2_1_api.TestMobileUpload" name="test_verify_invalid_token" time="0.103" /><testcase classname="backend.tests.test_phase2_1_api.TestMobileUpload" name="test_files_list_empty" time="0.126" /><testcase classname="backend.tests.test_phase2_1_api.TestMobileUpload" name="test_files_invalid_token" time="0.112" /><testcase classname="backend.tests.test_phase2_1_api.TestPatientPreRegistered" name="test_create_pre_registered_patient" time="0.107" /><testcase classname="backend.tests.test_phase2_1_api.TestPatientPreRegistered" name="test_get_persisted_pre_registered" time="0.155" /><testcase classname="backend.tests.test_phase2_1_api.TestPatientPreRegistered" name="test_default_false" time="0.244" /><testcase classname="backend.tests.test_phase2_1_api.TestPatientPreRegistered" name="test_cleanup" time="0.118" /><testcase classname="backend.tests.test_phase2_1_api.TestAnamnesisPhotos" name="test_save_module_with_photos" time="0.243" /><testcase classname="backend.tests.test_phase2_1_api.TestAnamnesisPhotos" name="test_list_modules_includes_photos" time="0.123" /><testcase classname="backend.tests.test_phase2_1_api.TestRegression" name="test_auth_me" time="0.113" /><testcase classname="backend.tests.test_phase2_1_api.TestRegression" name="test_dashboard_stats" time="0.109" /><testcase classname="backend.tests.test_phase2_1_api.TestRegression" name="test_finance_summary" time="0.127" /><testcase classname="backend.tests.test_phase2_1_api.TestRegression" name="test_messages_list" time="0.116" /></testsuite></testsuites>