<?xml version="1.0" encoding="utf-8"?><testsuites name="pytest tests"><testsuite name="pytest" errors="0" failures="2" skipped="0" tests="24" time="39.671" timestamp="2026-05-27T18:10:29.088868+00:00" hostname="agent-env-1372f60d-6705-4bd4-88b0-1fd34e8568c7"><testcase classname="backend.tests.test_phase2_api.TestCompleteness" name="test_completeness_structure" time="0.648" /><testcase classname="backend.tests.test_phase2_api.TestCompleteness" name="test_completeness_404" time="0.123" /><testcase classname="backend.tests.test_phase2_api.TestCompleteness" name="test_completeness_unauth" time="0.106" /><testcase classname="backend.tests.test_phase2_api.TestAnamnesisModules" name="test_upsert_module" time="0.279" /><testcase classname="backend.tests.test_phase2_api.TestAnamnesisModules" name="test_list_modules" time="0.114" /><testcase classname="backend.tests.test_phase2_api.TestAnamnesisModules" name="test_unauth" time="0.103" /><testcase classname="backend.tests.test_phase2_api.TestAttendance" name="test_start_idempotent" time="0.348" /><testcase classname="backend.tests.test_phase2_api.TestAttendance" name="test_start_missing_payload" time="0.124" /><testcase classname="backend.tests.test_phase2_api.TestAttendance" name="test_start_appointment_not_found" time="0.117" /><testcase classname="backend.tests.test_phase2_api.TestAttendance" name="test_update_and_by_appointment" time="0.332"><failure message="assert None is not None">backend/tests/test_phase2_api.py:151: in test_update_and_by_appointment
    assert b is not None
E   assert None is not None</failure></testcase><testcase classname="backend.tests.test_phase2_api.TestAttendance" name="test_by_appointment_null_when_none" time="0.542" /><testcase classname="backend.tests.test_phase2_api.TestAttendance" name="test_finalize_creates_record_and_marks_apt" time="0.724"><failure message="AssertionError: assert ([{'appointment_id': 'apt_3f56ff2e6327', 'clinic_id': 'clinic_3f6961ea2f1e', 'created_at': '2026-05-27T18:10:32.224940+00:00', 'end': '2026-06-17T19:10:32.123652+00:00', ...}] and 'agendado' == 'concluido'&#10;  &#10;  - concluido&#10;  + agendado)">backend/tests/test_phase2_api.py:196: in test_finalize_creates_record_and_marks_apt
    assert same and same[0]["status"] == "concluido"
E   AssertionError: assert ([{'appointment_id': 'apt_3f56ff2e6327', 'clinic_id': 'clinic_3f6961ea2f1e', 'created_at': '2026-05-27T18:10:32.224940+00:00', 'end': '2026-06-17T19:10:32.123652+00:00', ...}] and 'agendado' == 'concluido'
E     
E     - concluido
E     + agendado)</failure></testcase><testcase classname="backend.tests.test_phase2_api.TestAttendance" name="test_unauth" time="0.115" /><testcase classname="backend.tests.test_phase2_api.TestUploads" name="test_upload_and_serve_via_query_auth" time="0.522" /><testcase classname="backend.tests.test_phase2_api.TestUploads" name="test_serve_unauthorized" time="0.368" /><testcase classname="backend.tests.test_phase2_api.TestUploads" name="test_upload_unauth" time="0.143" /><testcase classname="backend.tests.test_phase2_api.TestAIGenerate" name="test_generate_returns_text[evolution]" time="5.621" /><testcase classname="backend.tests.test_phase2_api.TestAIGenerate" name="test_generate_returns_text[protocol]" time="18.354" /><testcase classname="backend.tests.test_phase2_api.TestAIGenerate" name="test_generate_returns_text[session_summary]" time="5.236" /><testcase classname="backend.tests.test_phase2_api.TestAIGenerate" name="test_generate_returns_text[anamnesis_summary]" time="4.940" /><testcase classname="backend.tests.test_phase2_api.TestAIGenerate" name="test_unauth" time="0.106" /><testcase classname="backend.tests.test_phase2_api.TestMessages" name="test_create_and_list" time="0.364" /><testcase classname="backend.tests.test_phase2_api.TestMessages" name="test_create_unknown_patient" time="0.124" /><testcase classname="backend.tests.test_phase2_api.TestMessages" name="test_unauth" time="0.106" /></testsuite></testsuites>