<?xml version="1.0" encoding="utf-8"?><testsuites name="pytest tests"><testsuite name="pytest" errors="0" failures="0" skipped="0" tests="21" time="26.067" timestamp="2026-07-26T16:33:00.258214+00:00" hostname="agent-env-1372f60d-6705-4bd4-88b0-1fd34e8568c7"><testcase classname="backend.tests.test_phase2_5d_attendance.TestP1Idempotency" name="test_finalize_idempotent_same_payload" time="2.154" /><testcase classname="backend.tests.test_phase2_5d_attendance.TestP1Idempotency" name="test_finalize_idempotent_finance_count" time="16.593" /><testcase classname="backend.tests.test_phase2_5d_attendance.TestP1Idempotency" name="test_finalize_idempotent_different_payload_ignored" time="1.064" /><testcase classname="backend.tests.test_phase2_5d_attendance.TestP2StatusTransitions" name="test_start_sets_em_atendimento" time="1.028" /><testcase classname="backend.tests.test_phase2_5d_attendance.TestP2StatusTransitions" name="test_appointments_backward_compat" time="0.102" /><testcase classname="backend.tests.test_phase2_5d_attendance.TestP3SessionIdentifiers" name="test_session_number_sequential" time="2.367" /><testcase classname="backend.tests.test_phase2_5d_attendance.TestP3SessionIdentifiers" name="test_medical_records_backward_compat" time="0.137" /><testcase classname="backend.tests.test_phase2_5d_attendance.TestP4ProcedureId" name="test_procedure_id_on_appointment" time="0.324" /><testcase classname="backend.tests.test_phase2_5d_attendance.TestRegression" name="test_dashboard_stats" time="0.105" /><testcase classname="backend.tests.test_phase2_5d_attendance.TestRegression" name="test_appointments_list" time="0.098" /><testcase classname="backend.tests.test_phase2_5d_attendance.TestRegression" name="test_patients_list" time="0.101" /><testcase classname="backend.tests.test_phase2_5d_attendance.TestRegression" name="test_finance_summary" time="0.100" /><testcase classname="backend.tests.test_phase2_5d_attendance.TestRegression" name="test_finance_entries" time="0.110" /><testcase classname="backend.tests.test_phase2_5d_attendance.TestRegression" name="test_finance_patient_summary" time="0.120" /><testcase classname="backend.tests.test_phase2_5d_attendance.TestRegression" name="test_finance_entry_post_with_receipt" time="0.630" /><testcase classname="backend.tests.test_phase2_5d_attendance.TestRegression" name="test_budgets_post" time="0.112" /><testcase classname="backend.tests.test_phase2_5d_attendance.TestRegression" name="test_ai_generate" time="0.095" /><testcase classname="backend.tests.test_phase2_5d_attendance.TestRegressionRBAC" name="test_bella_forbidden_finance_entries_get" time="0.105" /><testcase classname="backend.tests.test_phase2_5d_attendance.TestRegressionRBAC" name="test_ana_get_finance_ok" time="0.446" /><testcase classname="backend.tests.test_phase2_5d_attendance.TestRegressionRBAC" name="test_ana_post_finance_forbidden" time="0.109" /><testcase classname="backend.tests.test_phase2_5d_attendance.TestRegressionManualMedicalRecord" name="test_manual_medical_record_post_bella" time="0.098" /></testsuite></testsuites>