<?xml version="1.0" encoding="utf-8"?><testsuites name="pytest tests"><testsuite name="pytest" errors="0" failures="0" skipped="1" tests="43" time="16.620" timestamp="2026-07-23T20:28:42.099513+00:00" hostname="agent-env-1372f60d-6705-4bd4-88b0-1fd34e8568c7"><testcase classname="backend.tests.test_phase2_4c_email_tracking.TestEmailOpenTracking" name="test_open_unknown_id_returns_200_gif" time="0.128" /><testcase classname="backend.tests.test_phase2_4c_email_tracking.TestEmailOpenTracking" name="test_open_increments_open_count_for_existing_email" time="0.721" /><testcase classname="backend.tests.test_phase2_4c_email_tracking.TestEmailClickTracking" name="test_click_redirects_to_target_https" time="0.100" /><testcase classname="backend.tests.test_phase2_4c_email_tracking.TestEmailClickTracking" name="test_click_javascript_url_redirected_to_root" time="0.125" /><testcase classname="backend.tests.test_phase2_4c_email_tracking.TestEmailClickTracking" name="test_click_data_url_rejected" time="0.118" /><testcase classname="backend.tests.test_phase2_4c_email_tracking.TestEmailClickTracking" name="test_click_increments_click_count" time="0.402" /><testcase classname="backend.tests.test_phase2_4c_email_tracking.TestSuperAdminEmailLogs" name="test_super_admin_can_list" time="0.128" /><testcase classname="backend.tests.test_phase2_4c_email_tracking.TestSuperAdminEmailLogs" name="test_admin_forbidden" time="0.429" /><testcase classname="backend.tests.test_phase2_4c_email_tracking.TestSuperAdminEmailLogs" name="test_professional_forbidden" time="0.451" /><testcase classname="backend.tests.test_phase2_4c_email_tracking.TestSuperAdminEmailLogs" name="test_no_auth_401" time="0.102" /><testcase classname="backend.tests.test_phase2_4c_email_tracking.TestClinicPrimaryColor" name="test_put_clinic_persists_primary_color" time="0.206" /><testcase classname="backend.tests.test_phase2_4c_email_tracking.TestClinicPrimaryColor" name="test_revert_primary_color" time="0.131" /><testcase classname="backend.tests.test_phase2_4c_email_tracking.TestBackgroundEmailFunctions" name="test_send_email_trial_functions_importable" time="2.425" /><testcase classname="backend.tests.test_phase2_4c_email_tracking.TestWebhookEmailLog" name="test_webhook_creates_email_log_with_clinic_id_and_email_id" time="3.908" /><testcase classname="backend.tests.test_phase2_4c_email_tracking.TestRegression" name="test_plans_public" time="0.129" /><testcase classname="backend.tests.test_phase2_4c_email_tracking.TestRegression" name="test_super_admin_summary" time="0.142" /><testcase classname="backend.tests.test_phase2_4c_email_tracking.TestRegression" name="test_super_admin_clinics" time="0.113" /><testcase classname="backend.tests.test_phase2_4c_email_tracking.TestRegression" name="test_invoices_list" time="0.116" /><testcase classname="backend.tests.test_phase2_4b_superadmin.TestSuperAdminAuth" name="test_super_admin_login_returns_role_and_token" time="0.348" /><testcase classname="backend.tests.test_phase2_4b_superadmin.TestSuperAdminSummary" name="test_summary_super_admin_ok" time="0.421" /><testcase classname="backend.tests.test_phase2_4b_superadmin.TestSuperAdminSummary" name="test_summary_admin_forbidden" time="0.452" /><testcase classname="backend.tests.test_phase2_4b_superadmin.TestSuperAdminSummary" name="test_summary_professional_forbidden" time="0.423" /><testcase classname="backend.tests.test_phase2_4b_superadmin.TestSuperAdminSummary" name="test_summary_receptionist_forbidden" time="0.410" /><testcase classname="backend.tests.test_phase2_4b_superadmin.TestSuperAdminSummary" name="test_clinics_super_admin_ok" time="0.074" /><testcase classname="backend.tests.test_phase2_4b_superadmin.TestSuperAdminSummary" name="test_clinics_admin_forbidden" time="0.070" /><testcase classname="backend.tests.test_phase2_4b_superadmin.TestCouponsCRUD" name="test_list_coupons_forbidden_for_admin" time="0.078" /><testcase classname="backend.tests.test_phase2_4b_superadmin.TestCouponsCRUD" name="test_list_coupons_super_admin" time="0.077" /><testcase classname="backend.tests.test_phase2_4b_superadmin.TestCouponsCRUD" name="test_create_coupon" time="0.075" /><testcase classname="backend.tests.test_phase2_4b_superadmin.TestCouponsCRUD" name="test_create_coupon_duplicate_returns_400" time="0.072" /><testcase classname="backend.tests.test_phase2_4b_superadmin.TestCouponsCRUD" name="test_update_coupon" time="0.082" /><testcase classname="backend.tests.test_phase2_4b_superadmin.TestCouponsCRUD" name="test_validate_coupon_ok" time="0.082" /><testcase classname="backend.tests.test_phase2_4b_superadmin.TestCouponsCRUD" name="test_validate_coupon_plan_not_applicable" time="0.075" /><testcase classname="backend.tests.test_phase2_4b_superadmin.TestCouponsCRUD" name="test_validate_coupon_not_found" time="0.072" /><testcase classname="backend.tests.test_phase2_4b_superadmin.TestCouponsCRUD" name="test_validate_expired_coupon" time="0.225" /><testcase classname="backend.tests.test_phase2_4b_superadmin.TestCouponsCRUD" name="test_validate_exhausted_coupon" time="0.295" /><testcase classname="backend.tests.test_phase2_4b_superadmin.TestWebhookInvoice" name="test_webhook_missing_id_returns_400" time="0.072" /><testcase classname="backend.tests.test_phase2_4b_superadmin.TestWebhookInvoice" name="test_webhook_payment_confirmed_creates_invoice" time="0.687" /><testcase classname="backend.tests.test_phase2_4b_superadmin.TestWebhookInvoice" name="test_webhook_duplicate_returns_duplicate_true" time="0.080" /><testcase classname="backend.tests.test_phase2_4b_superadmin.TestWebhookInvoice" name="test_invoices_endpoint_returns_payment_with_url" time="1.072" /><testcase classname="backend.tests.test_phase2_4b_superadmin.TestWebhookInvoice" name="test_invoice_url_returns_pdf" time="0.362" /><testcase classname="backend.tests.test_phase2_4b_superadmin.TestEmailLogs" name="test_email_log_exists_after_webhook" time="0.075" /><testcase classname="backend.tests.test_phase2_4b_superadmin.TestCheckoutCoupon" name="test_checkout_applies_coupon_discount" time="0.828"><skipped type="pytest.skip" message="checkout failed (env dependent): 502 &lt;!DOCTYPE html&gt;&#10;&lt;!--[if lt IE 7]&gt; &lt;html class=&quot;no-js ie6 oldie&quot; lang=&quot;en-US&quot;&gt; &lt;![endif]--&gt;&#10;&lt;!--[if IE 7]&gt;    &lt;html class=&quot;no-js ie7 oldie&quot; lang=&quot;en-US&quot;&gt; &lt;![endif]--&gt;&#10;&lt;!--[if IE 8]&gt;    &lt;html class=&quot;no-">/app/backend/tests/test_phase2_4b_superadmin.py:371: checkout failed (env dependent): 502 &lt;!DOCTYPE html&gt;
&lt;!--[if lt IE 7]&gt; &lt;html class="no-js ie6 oldie" lang="en-US"&gt; &lt;![endif]--&gt;
&lt;!--[if IE 7]&gt;    &lt;html class="no-js ie7 oldie" lang="en-US"&gt; &lt;![endif]--&gt;
&lt;!--[if IE 8]&gt;    &lt;html class="no-</skipped></testcase><testcase classname="backend.tests.test_phase2_4b_superadmin.TestZZZCleanup" name="test_cleanup" time="0.145" /></testsuite></testsuites>