<?xml version="1.0" encoding="utf-8"?><testsuites name="pytest tests"><testsuite name="pytest" errors="0" failures="0" skipped="0" tests="18" time="15.968" timestamp="2026-07-28T18:30:34.514292+00:00" hostname="agent-env-1372f60d-6705-4bd4-88b0-1fd34e8568c7"><testcase classname="backend.tests.test_phase2_integridade_clinica.TestFichaSnapshot" name="test_ficha_snapshot_captured_on_finalize" time="2.768" /><testcase classname="backend.tests.test_phase2_integridade_clinica.TestFichaSnapshot" name="test_ficha_snapshot_empty_when_no_modules" time="1.145" /><testcase classname="backend.tests.test_phase2_integridade_clinica.TestFichaSnapshot" name="test_ficha_snapshot_isolation_by_professional" time="2.447" /><testcase classname="backend.tests.test_phase2_integridade_clinica.TestFichaSnapshot" name="test_ficha_snapshot_admin_sees_all_modules" time="1.246" /><testcase classname="backend.tests.test_phase2_integridade_clinica.TestTimelineStructure" name="test_timeline_404_nonexistent" time="0.148" /><testcase classname="backend.tests.test_phase2_integridade_clinica.TestTimelineStructure" name="test_timeline_top_level_shape" time="0.390" /><testcase classname="backend.tests.test_phase2_integridade_clinica.TestTimelineSessions" name="test_timeline_session_fields" time="2.614" /><testcase classname="backend.tests.test_phase2_integridade_clinica.TestTimelineSessions" name="test_timeline_order_desc" time="0.113" /><testcase classname="backend.tests.test_phase2_integridade_clinica.TestTimelineSessions" name="test_timeline_finalized_sessions_have_session_number" time="0.124" /><testcase classname="backend.tests.test_phase2_integridade_clinica.TestTimelineSessions" name="test_timeline_in_progress_session" time="0.125" /><testcase classname="backend.tests.test_phase2_integridade_clinica.TestTimelineSessions" name="test_timeline_receipts_derived" time="0.158" /><testcase classname="backend.tests.test_phase2_integridade_clinica.TestTimelineRBAC" name="test_timeline_professional_sees_only_own" time="1.686" /><testcase classname="backend.tests.test_phase2_integridade_clinica.TestTimelineRBAC" name="test_timeline_recepcao_access" time="0.521" /><testcase classname="backend.tests.test_phase2_integridade_clinica.TestTimelineLegacy" name="test_timeline_legacy_records" time="0.413" /><testcase classname="backend.tests.test_phase2_integridade_clinica.TestRegression" name="test_finalize_idempotence_snapshot_from_first" time="1.530" /><testcase classname="backend.tests.test_phase2_integridade_clinica.TestRegression" name="test_regression_medical_records_list" time="0.143" /><testcase classname="backend.tests.test_phase2_integridade_clinica.TestRegression" name="test_regression_anamnesis_modules_list" time="0.157" /><testcase classname="backend.tests.test_phase2_integridade_clinica.TestRegression" name="test_regression_finance_summary" time="0.130" /></testsuite></testsuites>