<?xml version="1.0" encoding="utf-8"?><testsuites name="pytest tests"><testsuite name="pytest" errors="0" failures="0" skipped="1" tests="25" time="5.684" timestamp="2026-07-17T19:09:24.964453+00:00" hostname="agent-env-1372f60d-6705-4bd4-88b0-1fd34e8568c7"><testcase classname="backend.tests.test_phase2_4b_superadmin.TestSuperAdminAuth" name="test_super_admin_login_returns_role_and_token" time="0.410" /><testcase classname="backend.tests.test_phase2_4b_superadmin.TestSuperAdminSummary" name="test_summary_super_admin_ok" time="0.388" /><testcase classname="backend.tests.test_phase2_4b_superadmin.TestSuperAdminSummary" name="test_summary_admin_forbidden" time="0.371" /><testcase classname="backend.tests.test_phase2_4b_superadmin.TestSuperAdminSummary" name="test_summary_professional_forbidden" time="0.395" /><testcase classname="backend.tests.test_phase2_4b_superadmin.TestSuperAdminSummary" name="test_summary_receptionist_forbidden" time="0.378" /><testcase classname="backend.tests.test_phase2_4b_superadmin.TestSuperAdminSummary" name="test_clinics_super_admin_ok" time="0.043" /><testcase classname="backend.tests.test_phase2_4b_superadmin.TestSuperAdminSummary" name="test_clinics_admin_forbidden" time="0.043" /><testcase classname="backend.tests.test_phase2_4b_superadmin.TestCouponsCRUD" name="test_list_coupons_forbidden_for_admin" time="0.046" /><testcase classname="backend.tests.test_phase2_4b_superadmin.TestCouponsCRUD" name="test_list_coupons_super_admin" time="0.048" /><testcase classname="backend.tests.test_phase2_4b_superadmin.TestCouponsCRUD" name="test_create_coupon" time="0.046" /><testcase classname="backend.tests.test_phase2_4b_superadmin.TestCouponsCRUD" name="test_create_coupon_duplicate_returns_400" time="0.042" /><testcase classname="backend.tests.test_phase2_4b_superadmin.TestCouponsCRUD" name="test_update_coupon" time="0.046" /><testcase classname="backend.tests.test_phase2_4b_superadmin.TestCouponsCRUD" name="test_validate_coupon_ok" time="0.047" /><testcase classname="backend.tests.test_phase2_4b_superadmin.TestCouponsCRUD" name="test_validate_coupon_plan_not_applicable" time="0.041" /><testcase classname="backend.tests.test_phase2_4b_superadmin.TestCouponsCRUD" name="test_validate_coupon_not_found" time="0.047" /><testcase classname="backend.tests.test_phase2_4b_superadmin.TestCouponsCRUD" name="test_validate_expired_coupon" time="0.127" /><testcase classname="backend.tests.test_phase2_4b_superadmin.TestCouponsCRUD" name="test_validate_exhausted_coupon" time="0.214" /><testcase classname="backend.tests.test_phase2_4b_superadmin.TestWebhookInvoice" name="test_webhook_missing_id_returns_400" time="0.045" /><testcase classname="backend.tests.test_phase2_4b_superadmin.TestWebhookInvoice" name="test_webhook_payment_confirmed_creates_invoice" time="0.630" /><testcase classname="backend.tests.test_phase2_4b_superadmin.TestWebhookInvoice" name="test_webhook_duplicate_returns_duplicate_true" time="0.050" /><testcase classname="backend.tests.test_phase2_4b_superadmin.TestWebhookInvoice" name="test_invoices_endpoint_returns_payment_with_url" time="1.045" /><testcase classname="backend.tests.test_phase2_4b_superadmin.TestWebhookInvoice" name="test_invoice_url_returns_pdf" time="0.192" /><testcase classname="backend.tests.test_phase2_4b_superadmin.TestEmailLogs" name="test_email_log_exists_after_webhook" time="0.044" /><testcase classname="backend.tests.test_phase2_4b_superadmin.TestCheckoutCoupon" name="test_checkout_applies_coupon_discount" time="0.788"><skipped type="pytest.skip" message="checkout failed (env dependent): 502 &lt;!DOCTYPE html&gt;&#10;&lt;!--[if lt IE 7]&gt; &lt;html class=&quot;no-js ie6 oldie&quot; lang=&quot;en-US&quot;&gt; &lt;![endif]--&gt;&#10;&lt;!--[if IE 7]&gt;    &lt;html class=&quot;no-js ie7 oldie&quot; lang=&quot;en-US&quot;&gt; &lt;![endif]--&gt;&#10;&lt;!--[if IE 8]&gt;    &lt;html class=&quot;no-">/app/backend/tests/test_phase2_4b_superadmin.py:371: checkout failed (env dependent): 502 &lt;!DOCTYPE html&gt;
&lt;!--[if lt IE 7]&gt; &lt;html class="no-js ie6 oldie" lang="en-US"&gt; &lt;![endif]--&gt;
&lt;!--[if IE 7]&gt;    &lt;html class="no-js ie7 oldie" lang="en-US"&gt; &lt;![endif]--&gt;
&lt;!--[if IE 8]&gt;    &lt;html class="no-</skipped></testcase><testcase classname="backend.tests.test_phase2_4b_superadmin.TestZZZCleanup" name="test_cleanup" time="0.090" /></testsuite></testsuites>