<?xml version="1.0" encoding="utf-8"?><testsuites name="pytest tests"><testsuite name="pytest" errors="0" failures="0" skipped="0" tests="20" time="22.300" timestamp="2026-07-16T19:47:01.232736+00:00" hostname="agent-env-1372f60d-6705-4bd4-88b0-1fd34e8568c7"><testcase classname="backend.tests.test_phase2_4a_subscriptions.TestPlans" name="test_list_plans_returns_three" time="0.217" /><testcase classname="backend.tests.test_phase2_4a_subscriptions.TestPlans" name="test_plan_prices_and_features" time="0.102" /><testcase classname="backend.tests.test_phase2_4a_subscriptions.TestSubscriptionMe" name="test_me_returns_subscription" time="0.522" /><testcase classname="backend.tests.test_phase2_4a_subscriptions.TestCheckout" name="test_checkout_non_admin_forbidden" time="0.515" /><testcase classname="backend.tests.test_phase2_4a_subscriptions.TestCheckout" name="test_checkout_pix_professional_monthly_admin" time="2.084" /><testcase classname="backend.tests.test_phase2_4a_subscriptions.TestChangePlanAndCancel" name="test_change_plan_to_starter" time="1.019" /><testcase classname="backend.tests.test_phase2_4a_subscriptions.TestChangePlanAndCancel" name="test_cancel_subscription" time="0.685" /><testcase classname="backend.tests.test_phase2_4a_subscriptions.TestPayments" name="test_list_payments_returns_list" time="0.122" /><testcase classname="backend.tests.test_phase2_4a_subscriptions.TestWebhooks" name="test_webhook_missing_token_401" time="0.119" /><testcase classname="backend.tests.test_phase2_4a_subscriptions.TestWebhooks" name="test_webhook_invalid_token_401" time="0.400" /><testcase classname="backend.tests.test_phase2_4a_subscriptions.TestWebhooks" name="test_webhook_payment_confirmed_activates_and_creates_payment" time="0.415" /><testcase classname="backend.tests.test_phase2_4a_subscriptions.TestWebhooks" name="test_webhook_idempotency" time="0.244" /><testcase classname="backend.tests.test_phase2_4a_subscriptions.TestWebhooks" name="test_webhook_payment_overdue_sets_past_due" time="0.279" /><testcase classname="backend.tests.test_phase2_4a_subscriptions.TestWebhooks" name="test_webhook_subscription_inactivated_sets_cancelled" time="0.215" /><testcase classname="backend.tests.test_phase2_4a_subscriptions.TestFeatureGating" name="test_starter_blocks_ai_chat" time="0.171" /><testcase classname="backend.tests.test_phase2_4a_subscriptions.TestFeatureGating" name="test_professional_allows_ai_chat" time="14.441" /><testcase classname="backend.tests.test_phase2_4a_subscriptions.TestFeatureGating" name="test_starter_blocks_documents_create" time="0.190" /><testcase classname="backend.tests.test_phase2_4a_subscriptions.TestFeatureGating" name="test_expired_trial_returns_402" time="0.264" /><testcase classname="backend.tests.test_phase2_4a_subscriptions.TestAdminFinance" name="test_admin_finance_summary" time="0.122" /><testcase classname="backend.tests.test_phase2_4a_subscriptions.TestZZZCleanup" name="test_restore_admin_trial" time="0.010" /></testsuite></testsuites>