<?xml version="1.0" encoding="utf-8"?><testsuites name="pytest tests"><testsuite name="pytest" errors="0" failures="1" skipped="0" tests="18" time="8.961" timestamp="2026-07-23T20:27:24.826781+00:00" hostname="agent-env-1372f60d-6705-4bd4-88b0-1fd34e8568c7"><testcase classname="backend.tests.test_phase2_4c_email_tracking.TestEmailOpenTracking" name="test_open_unknown_id_returns_200_gif" time="0.277" /><testcase classname="backend.tests.test_phase2_4c_email_tracking.TestEmailOpenTracking" name="test_open_increments_open_count_for_existing_email" time="0.734" /><testcase classname="backend.tests.test_phase2_4c_email_tracking.TestEmailClickTracking" name="test_click_redirects_to_target_https" time="0.204" /><testcase classname="backend.tests.test_phase2_4c_email_tracking.TestEmailClickTracking" name="test_click_javascript_url_redirected_to_root" time="0.113" /><testcase classname="backend.tests.test_phase2_4c_email_tracking.TestEmailClickTracking" name="test_click_data_url_rejected" time="0.163" /><testcase classname="backend.tests.test_phase2_4c_email_tracking.TestEmailClickTracking" name="test_click_increments_click_count" time="0.463" /><testcase classname="backend.tests.test_phase2_4c_email_tracking.TestSuperAdminEmailLogs" name="test_super_admin_can_list" time="0.129" /><testcase classname="backend.tests.test_phase2_4c_email_tracking.TestSuperAdminEmailLogs" name="test_admin_forbidden" time="0.481" /><testcase classname="backend.tests.test_phase2_4c_email_tracking.TestSuperAdminEmailLogs" name="test_professional_forbidden" time="0.467" /><testcase classname="backend.tests.test_phase2_4c_email_tracking.TestSuperAdminEmailLogs" name="test_no_auth_401" time="0.159" /><testcase classname="backend.tests.test_phase2_4c_email_tracking.TestClinicPrimaryColor" name="test_put_clinic_persists_primary_color" time="0.315" /><testcase classname="backend.tests.test_phase2_4c_email_tracking.TestClinicPrimaryColor" name="test_revert_primary_color" time="0.104" /><testcase classname="backend.tests.test_phase2_4c_email_tracking.TestBackgroundEmailFunctions" name="test_send_email_trial_functions_importable" time="2.411" /><testcase classname="backend.tests.test_phase2_4c_email_tracking.TestWebhookEmailLog" name="test_webhook_creates_email_log_with_clinic_id_and_email_id" time="2.305"><failure message="AssertionError: clinic_id missing in {'email_id': 'em_45bd67c646e3', 'to': 'admin@proclinic.com', 'subject': 'ProClinic — Pagamento confirmado', 'idempotency_key': 'payment_confirmed:pay_gw_8a56386f', 'status': 'failed', 'error': 'You can only send testing emails to your own email address (wgalinari2@gmail.com). To send emails to other recipients, please verify a domain at resend.com/domains, and change the `from` address to an email using this domain.', 'sent_at': '2026-07-17T19:09:28.421107+00:00', 'open_count': 1, 'opened_at': '2026-07-23T20:27:25.775483+00:00', 'click_count': 1, 'clicked_at': '2026-07-23T20:27:26.620542+00:00'}&#10;assert None&#10; +  where None = &lt;built-in method get of dict object at 0xfa2e30ff9e00&gt;('clinic_id')&#10; +    where &lt;built-in method get of dict object at 0xfa2e30ff9e00&gt; = {'click_count': 1, 'clicked_at': '2026-07-23T20:27:26.620542+00:00', 'email_id': 'em_45bd67c646e3', 'error': 'You can only send testing emails to your own email address (wgalinari2@gmail.com). To send emails to other recipients, please verify a domain at resend.com/domains, and change the `from` address to an email using this domain.', ...}.get">backend/tests/test_phase2_4c_email_tracking.py:271: in test_webhook_creates_email_log_with_clinic_id_and_email_id
    assert latest.get("clinic_id"), f"clinic_id missing in {latest}"
E   AssertionError: clinic_id missing in {'email_id': 'em_45bd67c646e3', 'to': 'admin@proclinic.com', 'subject': 'ProClinic — Pagamento confirmado', 'idempotency_key': 'payment_confirmed:pay_gw_8a56386f', 'status': 'failed', 'error': 'You can only send testing emails to your own email address (wgalinari2@gmail.com). To send emails to other recipients, please verify a domain at resend.com/domains, and change the `from` address to an email using this domain.', 'sent_at': '2026-07-17T19:09:28.421107+00:00', 'open_count': 1, 'opened_at': '2026-07-23T20:27:25.775483+00:00', 'click_count': 1, 'clicked_at': '2026-07-23T20:27:26.620542+00:00'}
E   assert None
E    +  where None = &lt;built-in method get of dict object at 0xfa2e30ff9e00&gt;('clinic_id')
E    +    where &lt;built-in method get of dict object at 0xfa2e30ff9e00&gt; = {'click_count': 1, 'clicked_at': '2026-07-23T20:27:26.620542+00:00', 'email_id': 'em_45bd67c646e3', 'error': 'You can only send testing emails to your own email address (wgalinari2@gmail.com). To send emails to other recipients, please verify a domain at resend.com/domains, and change the `from` address to an email using this domain.', ...}.get</failure></testcase><testcase classname="backend.tests.test_phase2_4c_email_tracking.TestRegression" name="test_plans_public" time="0.104" /><testcase classname="backend.tests.test_phase2_4c_email_tracking.TestRegression" name="test_super_admin_summary" time="0.127" /><testcase classname="backend.tests.test_phase2_4c_email_tracking.TestRegression" name="test_super_admin_clinics" time="0.102" /><testcase classname="backend.tests.test_phase2_4c_email_tracking.TestRegression" name="test_invoices_list" time="0.116" /></testsuite></testsuites>