<?xml version="1.0" encoding="utf-8"?><testsuites name="pytest tests"><testsuite name="pytest" errors="0" failures="0" skipped="0" tests="26" time="37.188" timestamp="2026-05-28T17:10:10.379394+00:00" hostname="agent-env-1372f60d-6705-4bd4-88b0-1fd34e8568c7"><testcase classname="test_phase2_api.TestCompleteness" name="test_completeness_structure" time="0.744" /><testcase classname="test_phase2_api.TestCompleteness" name="test_completeness_404" time="0.111" /><testcase classname="test_phase2_api.TestCompleteness" name="test_completeness_unauth" time="0.102" /><testcase classname="test_phase2_api.TestAnamnesisModules" name="test_upsert_module" time="0.246" /><testcase classname="test_phase2_api.TestAnamnesisModules" name="test_list_modules" time="0.128" /><testcase classname="test_phase2_api.TestAnamnesisModules" name="test_unauth" time="0.110" /><testcase classname="test_phase2_api.TestAttendance" name="test_start_idempotent" time="0.361" /><testcase classname="test_phase2_api.TestAttendance" name="test_start_missing_payload" time="0.109" /><testcase classname="test_phase2_api.TestAttendance" name="test_start_appointment_not_found" time="0.112" /><testcase classname="test_phase2_api.TestAttendance" name="test_update_and_by_appointment" time="0.443" /><testcase classname="test_phase2_api.TestAttendance" name="test_by_appointment_null_when_none" time="0.845" /><testcase classname="test_phase2_api.TestAttendance" name="test_finalize_creates_record_and_marks_apt" time="1.083" /><testcase classname="test_phase2_api.TestAttendance" name="test_unauth" time="0.117" /><testcase classname="test_phase2_api.TestUploads" name="test_upload_and_serve_via_query_auth" time="0.646" /><testcase classname="test_phase2_api.TestUploads" name="test_serve_unauthorized" time="0.389" /><testcase classname="test_phase2_api.TestUploads" name="test_upload_unauth" time="0.115" /><testcase classname="test_phase2_api.TestUploads" name="test_upload_rejects_non_whitelisted_mime" time="0.122" /><testcase classname="test_phase2_api.TestAIGenerate" name="test_generate_returns_text[evolution]" time="5.592" /><testcase classname="test_phase2_api.TestAIGenerate" name="test_generate_returns_text[protocol]" time="16.631" /><testcase classname="test_phase2_api.TestAIGenerate" name="test_generate_returns_text[session_summary]" time="3.402" /><testcase classname="test_phase2_api.TestAIGenerate" name="test_generate_returns_text[anamnesis_summary]" time="4.830" /><testcase classname="test_phase2_api.TestAIGenerate" name="test_unauth" time="0.136" /><testcase classname="test_phase2_api.TestMessages" name="test_create_and_list" time="0.343" /><testcase classname="test_phase2_api.TestMessages" name="test_create_unknown_patient" time="0.131" /><testcase classname="test_phase2_api.TestMessages" name="test_create_empty_body_rejected" time="0.104" /><testcase classname="test_phase2_api.TestMessages" name="test_unauth" time="0.120" /></testsuite></testsuites>