<?xml version="1.0" encoding="utf-8"?><testsuites name="pytest tests"><testsuite name="pytest" errors="0" failures="0" skipped="0" tests="23" time="6.005" timestamp="2026-06-10T20:15:39.414562+00:00" hostname="agent-env-1372f60d-6705-4bd4-88b0-1fd34e8568c7"><testcase classname="backend.tests.test_phase2_3a_documents.TestVariables" name="test_variables_list" time="1.602" /><testcase classname="backend.tests.test_phase2_3a_documents.TestVariables" name="test_variables_recepcao_forbidden" time="0.105" /><testcase classname="backend.tests.test_phase2_3a_documents.TestTemplatesRBAC" name="test_admin_create" time="0.167" /><testcase classname="backend.tests.test_phase2_3a_documents.TestTemplatesRBAC" name="test_profissional_can_list" time="0.150" /><testcase classname="backend.tests.test_phase2_3a_documents.TestTemplatesRBAC" name="test_profissional_cannot_create" time="0.139" /><testcase classname="backend.tests.test_phase2_3a_documents.TestTemplatesRBAC" name="test_recepcao_get_forbidden" time="0.106" /><testcase classname="backend.tests.test_phase2_3a_documents.TestDocumentCreation" name="test_create_substitutes_variables" time="0.235" /><testcase classname="backend.tests.test_phase2_3a_documents.TestDocumentCreation" name="test_content_html_has_markdown" time="0.000" /><testcase classname="backend.tests.test_phase2_3a_documents.TestSignFinalize" name="test_finalize_without_signatures_400" time="0.120" /><testcase classname="backend.tests.test_phase2_3a_documents.TestSignFinalize" name="test_sign_patient" time="0.237" /><testcase classname="backend.tests.test_phase2_3a_documents.TestSignFinalize" name="test_sign_professional" time="0.288" /><testcase classname="backend.tests.test_phase2_3a_documents.TestSignFinalize" name="test_finalize_generates_pdf" time="0.579" /><testcase classname="backend.tests.test_phase2_3a_documents.TestSignFinalize" name="test_pdf_download_no_auth" time="0.306" /><testcase classname="backend.tests.test_phase2_3a_documents.TestSigilo" name="test_other_profissional_cannot_list" time="0.185" /><testcase classname="backend.tests.test_phase2_3a_documents.TestSigilo" name="test_other_profissional_cannot_get" time="0.148" /><testcase classname="backend.tests.test_phase2_3a_documents.TestSigilo" name="test_admin_can_see" time="0.138" /><testcase classname="backend.tests.test_phase2_3a_documents.TestRecepcaoBlocked" name="test_get_templates_403" time="0.117" /><testcase classname="backend.tests.test_phase2_3a_documents.TestRecepcaoBlocked" name="test_get_documents_403" time="0.109" /><testcase classname="backend.tests.test_phase2_3a_documents.TestRecepcaoBlocked" name="test_post_documents_403" time="0.107" /><testcase classname="backend.tests.test_phase2_3a_documents.TestPublic" name="test_public_get" time="0.243" /><testcase classname="backend.tests.test_phase2_3a_documents.TestPublic" name="test_public_sign_patient_creates_audit" time="0.591" /><testcase classname="backend.tests.test_phase2_3a_documents.TestPublic" name="test_public_validate" time="0.115" /><testcase classname="backend.tests.test_phase2_3a_documents.TestAudit" name="test_audit_actions" time="0.113" /></testsuite></testsuites>