<?xml version="1.0" encoding="utf-8"?><testsuites name="pytest tests"><testsuite name="pytest" errors="0" failures="0" skipped="0" tests="19" time="8.010" timestamp="2026-06-04T19:12:23.638623+00:00" hostname="agent-env-1372f60d-6705-4bd4-88b0-1fd34e8568c7"><testcase classname="backend.tests.test_phase2_2a_api.TestLogin" name="test_login_admin_email" time="0.408" /><testcase classname="backend.tests.test_phase2_2a_api.TestLogin" name="test_login_bella_email" time="0.340" /><testcase classname="backend.tests.test_phase2_2a_api.TestLogin" name="test_login_bella_cpf_formatted" time="0.333" /><testcase classname="backend.tests.test_phase2_2a_api.TestLogin" name="test_login_bella_cpf_digits" time="0.341" /><testcase classname="backend.tests.test_phase2_2a_api.TestLogin" name="test_login_invalid" time="0.120" /><testcase classname="backend.tests.test_phase2_2a_api.TestUsers" name="test_professionals_public_with_any_role" time="0.456" /><testcase classname="backend.tests.test_phase2_2a_api.TestUsers" name="test_list_users_admin" time="0.449" /><testcase classname="backend.tests.test_phase2_2a_api.TestUsers" name="test_list_users_non_admin_forbidden" time="0.107" /><testcase classname="backend.tests.test_phase2_2a_api.TestUsers" name="test_create_user_and_login_flow" time="0.780" /><testcase classname="backend.tests.test_phase2_2a_api.TestUsers" name="test_change_password_first_access" time="0.690" /><testcase classname="backend.tests.test_phase2_2a_api.TestUsers" name="test_update_user_initial_password_sets_flag" time="0.694" /><testcase classname="backend.tests.test_phase2_2a_api.TestUsers" name="test_reset_password_admin" time="0.702" /><testcase classname="backend.tests.test_phase2_2a_api.TestUsers" name="test_delete_user_soft" time="0.455" /><testcase classname="backend.tests.test_phase2_2a_api.TestSignedUrls" name="test_upload_and_signed_get" time="0.548" /><testcase classname="backend.tests.test_phase2_2a_api.TestSignedUrls" name="test_invalid_sig" time="0.136" /><testcase classname="backend.tests.test_phase2_2a_api.TestSignedUrls" name="test_no_sig_no_auth" time="0.148" /><testcase classname="backend.tests.test_phase2_2a_api.TestAppointmentsProfessional" name="test_appointments_have_professional_color" time="0.628" /><testcase classname="backend.tests.test_phase2_2a_api.TestAppointmentsProfessional" name="test_professional_sees_only_own_appointments" time="0.463" /><testcase classname="backend.tests.test_phase2_2a_api.TestAppointmentsProfessional" name="test_cleanup_appt" time="0.114" /></testsuite></testsuites>