<?xml version="1.0" encoding="utf-8"?><testsuites name="pytest tests"><testsuite name="pytest" errors="0" failures="0" skipped="0" tests="25" time="25.732" timestamp="2026-08-02T19:11:08.528252+00:00" hostname="agent-env-1372f60d-6705-4bd4-88b0-1fd34e8568c7"><testcase classname="backend.tests.test_phase5_wave_a.TestRegressionEndpoints" name="test_auth_login_admin" time="0.338" /><testcase classname="backend.tests.test_phase5_wave_a.TestRegressionEndpoints" name="test_auth_login_bella" time="0.323" /><testcase classname="backend.tests.test_phase5_wave_a.TestRegressionEndpoints" name="test_get_patients" time="0.111" /><testcase classname="backend.tests.test_phase5_wave_a.TestRegressionEndpoints" name="test_post_patient_backward_compat" time="0.196" /><testcase classname="backend.tests.test_phase5_wave_a.TestRegressionEndpoints" name="test_get_appointments" time="0.116" /><testcase classname="backend.tests.test_phase5_wave_a.TestRegressionEndpoints" name="test_get_medical_records" time="0.118" /><testcase classname="backend.tests.test_phase5_wave_a.TestRegressionEndpoints" name="test_patient_timeline" time="0.227" /><testcase classname="backend.tests.test_phase5_wave_a.TestRegressionEndpoints" name="test_finance_entries_get" time="0.109" /><testcase classname="backend.tests.test_phase5_wave_a.TestRegressionEndpoints" name="test_finance_summary" time="0.109" /><testcase classname="backend.tests.test_phase5_wave_a.TestRegressionEndpoints" name="test_finance_patient_summary" time="0.103" /><testcase classname="backend.tests.test_phase5_wave_a.TestRegressionEndpoints" name="test_dashboard_stats" time="0.102" /><testcase classname="backend.tests.test_phase5_wave_a.TestRegressionEndpoints" name="test_procedures_get" time="0.104" /><testcase classname="backend.tests.test_phase5_wave_a.TestRegressionEndpoints" name="test_ai_generations_get" time="0.112" /><testcase classname="backend.tests.test_phase5_wave_a.TestProcedureCommission" name="test_create_procedure_with_commission_percent" time="0.334" /><testcase classname="backend.tests.test_phase5_wave_a.TestProcedureCommission" name="test_create_procedure_without_commission_percent_backward_compat" time="0.202" /><testcase classname="backend.tests.test_phase5_wave_a.TestFinanceEntryCommission" name="test_create_entry_with_commission_fields" time="0.313" /><testcase classname="backend.tests.test_phase5_wave_a.TestFinanceEntryCommission" name="test_create_entry_without_commission_backward_compat" time="0.203" /><testcase classname="backend.tests.test_phase5_wave_a.TestFinanceEntryCommission" name="test_patch_commission_status_to_paga" time="0.303" /><testcase classname="backend.tests.test_phase5_wave_a.TestFinanceEntryCommission" name="test_invalid_commission_status_rejected" time="0.099" /><testcase classname="backend.tests.test_phase5_wave_a.TestRegisterCommission" name="test_register_with_default_commission_percent" time="0.320" /><testcase classname="backend.tests.test_phase5_wave_a.TestRegisterCommission" name="test_register_without_default_commission_percent_backward_compat" time="0.325" /><testcase classname="backend.tests.test_phase5_wave_a.TestAttendanceRegression" name="test_start_and_finalize_idempotency" time="1.386" /><testcase classname="backend.tests.test_phase5_wave_a.TestAIRegression" name="test_ai_generate_types[evolution]" time="7.734" /><testcase classname="backend.tests.test_phase5_wave_a.TestAIRegression" name="test_ai_generate_types[contraindications]" time="9.248" /><testcase classname="backend.tests.test_phase5_wave_a.TestAIRegression" name="test_ai_generate_types[improve]" time="3.118" /></testsuite></testsuites>