<?xml version="1.0" encoding="utf-8"?><testsuites name="pytest tests"><testsuite name="pytest" errors="0" failures="0" skipped="0" tests="23" time="11.334" timestamp="2026-07-23T21:05:06.662210+00:00" hostname="agent-env-1372f60d-6705-4bd4-88b0-1fd34e8568c7"><testcase classname="tests.test_phase2_5_finance.TestFinanceRBAC" name="test_profissional_forbidden_get_entries" time="0.522" /><testcase classname="tests.test_phase2_5_finance.TestFinanceRBAC" name="test_profissional_forbidden_summary" time="0.107" /><testcase classname="tests.test_phase2_5_finance.TestFinanceRBAC" name="test_profissional_forbidden_post" time="0.102" /><testcase classname="tests.test_phase2_5_finance.TestFinanceRBAC" name="test_admin_can_read_entries" time="0.500" /><testcase classname="tests.test_phase2_5_finance.TestFinanceRBAC" name="test_admin_can_summary" time="0.116" /><testcase classname="tests.test_phase2_5_finance.TestFinanceRBAC" name="test_recepcao_can_read_entries" time="0.430" /><testcase classname="tests.test_phase2_5_finance.TestFinanceRBAC" name="test_recepcao_can_read_summary" time="0.104" /><testcase classname="tests.test_phase2_5_finance.TestFinanceRBAC" name="test_recepcao_cannot_post" time="0.131" /><testcase classname="tests.test_phase2_5_finance.TestFinanceRBAC" name="test_recepcao_cannot_put" time="0.342" /><testcase classname="tests.test_phase2_5_finance.TestFinanceRBAC" name="test_recepcao_cannot_delete" time="0.306" /><testcase classname="tests.test_phase2_5_finance.TestFinanceSchemaAndPUT" name="test_create_entry_returns_new_fields_with_defaults" time="0.304" /><testcase classname="tests.test_phase2_5_finance.TestFinanceSchemaAndPUT" name="test_create_entry_paid_true_sets_paid_at" time="0.262" /><testcase classname="tests.test_phase2_5_finance.TestFinanceSchemaAndPUT" name="test_put_preserves_context_fields" time="0.493" /><testcase classname="tests.test_phase2_5_finance.TestFinanceFilters" name="test_filter_type_and_paid_and_search_and_date_and_group" time="1.338" /><testcase classname="tests.test_phase2_5_finance.TestInstallmentsFlow" name="test_nao_pago_creates_n_installments" time="1.169" /><testcase classname="tests.test_phase2_5_finance.TestInstallmentsFlow" name="test_parcial_creates_entrada_plus_n_balance_parcelas" time="1.015" /><testcase classname="tests.test_phase2_5_finance.TestInstallmentsFlow" name="test_pago_creates_single_entry" time="0.607" /><testcase classname="tests.test_phase2_5_finance.TestInstallmentsFlow" name="test_finalize_default_installments_backward_compat" time="0.576" /><testcase classname="tests.test_phase2_5_finance.TestBudgetApprovalAndCharges" name="test_public_approval_sets_pending_charge_generation_and_no_entries_created" time="1.695" /><testcase classname="tests.test_phase2_5_finance.TestBudgetApprovalAndCharges" name="test_idempotency_when_manual_entry_already_linked" time="0.752" /><testcase classname="tests.test_phase2_5_finance.TestDashboardRegression" name="test_dashboard_stats_returns_revenue_month" time="0.103" /><testcase classname="tests.test_phase2_5_finance.TestDashboardRegression" name="test_finance_summary_shape" time="0.126" /><testcase classname="tests.test_phase2_5_finance.TestIndexes" name="test_no_duplicate_entry_ids_in_lists" time="0.106" /></testsuite></testsuites>