<?xml version="1.0" encoding="utf-8"?><testsuites name="pytest tests"><testsuite name="pytest" errors="0" failures="0" skipped="0" tests="19" time="5.804" timestamp="2026-05-21T22:47:23.453679+00:00" hostname="agent-env-1372f60d-6705-4bd4-88b0-1fd34e8568c7"><testcase classname="backend.tests.test_proclinic_api.TestHealth" name="test_root" time="0.189" /><testcase classname="backend.tests.test_proclinic_api.TestAuth" name="test_login_success_sets_cookie" time="0.293" /><testcase classname="backend.tests.test_proclinic_api.TestAuth" name="test_login_wrong_password" time="0.271" /><testcase classname="backend.tests.test_proclinic_api.TestAuth" name="test_me_returns_user" time="0.328" /><testcase classname="backend.tests.test_proclinic_api.TestAuth" name="test_me_unauthorized" time="0.131" /><testcase classname="backend.tests.test_proclinic_api.TestAuth" name="test_register_new_user" time="0.273" /><testcase classname="backend.tests.test_proclinic_api.TestAuth" name="test_logout_clears_cookies" time="0.380" /><testcase classname="backend.tests.test_proclinic_api.TestAuth" name="test_google_session_missing_id" time="0.050" /><testcase classname="backend.tests.test_proclinic_api.TestPatients" name="test_list_patients_seeded" time="0.053" /><testcase classname="backend.tests.test_proclinic_api.TestPatients" name="test_create_get_update_delete_patient" time="0.291" /><testcase classname="backend.tests.test_proclinic_api.TestPatients" name="test_patients_requires_auth" time="0.129" /><testcase classname="backend.tests.test_proclinic_api.TestAppointments" name="test_list_appointments" time="0.049" /><testcase classname="backend.tests.test_proclinic_api.TestAppointments" name="test_create_update_delete_appointment" time="0.210" /><testcase classname="backend.tests.test_proclinic_api.TestMedicalRecords" name="test_create_and_list" time="0.180" /><testcase classname="backend.tests.test_proclinic_api.TestAnamnesis" name="test_create_and_list" time="0.164" /><testcase classname="backend.tests.test_proclinic_api.TestFinance" name="test_summary" time="0.048" /><testcase classname="backend.tests.test_proclinic_api.TestFinance" name="test_create_entry" time="0.092" /><testcase classname="backend.tests.test_proclinic_api.TestDashboard" name="test_stats" time="0.053" /><testcase classname="backend.tests.test_proclinic_api.TestAI" name="test_chat_returns_reply" time="2.413" /></testsuite></testsuites>